<?xml version="1.0" encoding="UTF-8"?>
<!-- Generated by org.testng.reporters.JUnitXMLReporter -->
<testsuite hostname="LAPTOP-DVLM8C7C" ignored="0" name="Edureka Application Functional Test set 003" tests="7" failures="0" timestamp="09 Feb 2019 01:13:09 GMT" time="231.007" errors="0">
  <testcase name="verifyHomePageTitleTest" time="0.022" classname="co.edureka.qa.testcases.HomePageTest"/>
  <testcase name="verifyUserNameTest" time="3.915" classname="co.edureka.qa.testcases.HomePageTest"/>
  <testcase name="viewAllCoursesAvailable" time="64.612" classname="co.edureka.qa.testcases.HomePageTest">
    <skipped/>
  </testcase> <!-- viewAllCoursesAvailable -->
  <testcase name="viewAllCoursesAvailable" time="27.286" classname="co.edureka.qa.testcases.HomePageTest"/>
  <testcase name="verifyMyEnrolledCourses" time="12.461" classname="co.edureka.qa.testcases.HomePageTest"/>
  <testcase name="myProfileUpdate" time="19.593" classname="co.edureka.qa.testcases.HomePageTest"/>
  <testcase name="logout" time="5.728" classname="co.edureka.qa.testcases.HomePageTest"/>
</testsuite> <!-- Edureka Application Functional Test set 003 -->
