<?xml version="1.0" encoding="UTF-8"?>
<!-- Generated by org.testng.reporters.JUnitXMLReporter -->
<testsuite hostname="LAPTOP-DVLM8C7C" ignored="0" name="Edureka Application Functional Test set 001" tests="3" failures="0" timestamp="09 Feb 2019 01:06:00 GMT" time="39.05" errors="0">
  <testcase name="loginPageTitleTest" time="0.09" classname="co.edureka.qa.testcases.LoginPageTest"/>
  <testcase name="loginIconTest" time="0.291" classname="co.edureka.qa.testcases.LoginPageTest"/>
  <testcase name="loginTest" time="2.918" classname="co.edureka.qa.testcases.LoginPageTest"/>
</testsuite> <!-- Edureka Application Functional Test set 001 -->
