<?xml version="1.0" encoding="UTF-8" ?>
<testsuite tests="13" failures="2" name="TestSuite" time="252.86" errors="0" skipped="10">
  <properties>
[...]
</properties>
  <testcase classname="co.edureka.qa.testcases.HomePageTest" name="setUp" time="16.955">
    <failure message="unknown error: Element &lt;button class=&quot;clik_btn_log btn-block pagesense_en_track&quot;&gt;...&lt;/button&gt; is not clickable at point (729, 514). Other element would receive the click: &lt;div class=&quot;wzrk-overlay&quot;&gt;&lt;/div&gt;
  (Session info: chrome=71.0.3578.98)
  (Driver info: chromedriver=2.45.615291 (ec3682e3c9061c10f26ea9e5cdcf3c53f3f74387),platform=Windows NT 10.0.17134 x86_64) (WARNING: The server did not provide any stacktrace information)
Command duration or timeout: 0 milliseconds
Build info: version: &apos;3.5.3&apos;, revision: &apos;a88d25fe6b&apos;, time: &apos;2017-08-29T12:42:44.417Z&apos;
System info: host: &apos;LAPTOP-DVLM8C7C&apos;, ip: &apos;192.168.0.4&apos;, os.name: &apos;Windows 10&apos;, os.arch: &apos;amd64&apos;, os.version: &apos;10.0&apos;, java.version: &apos;1.8.0_191&apos;
Driver info: org.openqa.selenium.chrome.ChromeDriver
Capabilities [{mobileEmulationEnabled=false, timeouts={implicit=0, pageLoad=300000, script=30000}, hasTouchScreen=false, platform=XP, acceptSslCerts=false, goog:chromeOptions={debuggerAddress=localhost:57480}, acceptInsecureCerts=false, webStorageEnabled=true, browserName=chrome, takesScreenshot=true, javascriptEnabled=true, platformName=XP, setWindowRect=true, unexpectedAlertBehaviour=ignore, applicationCacheEnabled=false, rotatable=false, networkConnectionEnabled=false, chrome={chromedriverVersion=2.45.615291 (ec3682e3c9061c10f26ea9e5cdcf3c53f3f74387), userDataDir=C:\Users\kumar\AppData\Local\Temp\scoped_dir24908_23646}, takesHeapSnapshot=true, unhandledPromptBehavior=ignore, pageLoadStrategy=normal, strictFileInteractability=false, databaseEnabled=false, handlesAlerts=true, version=71.0.3578.98, browserConnectionEnabled=false, proxy=Proxy(), nativeEvents=true, locationContextEnabled=true, cssSelectorsEnabled=true}]
Session ID: b38c2a016a51d17a84b062efd3f3005c" type="org.openqa.selenium.WebDriverException">org.openqa.selenium.WebDriverException: unknown error: Element &lt;button class=&quot;clik_btn_log btn-block pagesense_en_track&quot;&gt;...&lt;/button&gt; is not clickable at point (729, 514). Other element would receive the click: &lt;div class=&quot;wzrk-overlay&quot;&gt;&lt;/div&gt;
  (Session info: chrome=71.0.3578.98)
  (Driver info: chromedriver=2.45.615291 (ec3682e3c9061c10f26ea9e5cdcf3c53f3f74387),platform=Windows NT 10.0.17134 x86_64) (WARNING: The server did not provide any stacktrace information)
Command duration or timeout: 0 milliseconds
Build info: version: &apos;3.5.3&apos;, revision: &apos;a88d25fe6b&apos;, time: &apos;2017-08-29T12:42:44.417Z&apos;
System info: host: &apos;LAPTOP-DVLM8C7C&apos;, ip: &apos;192.168.0.4&apos;, os.name: &apos;Windows 10&apos;, os.arch: &apos;amd64&apos;, os.version: &apos;10.0&apos;, java.version: &apos;1.8.0_191&apos;
Driver info: org.openqa.selenium.chrome.ChromeDriver
Capabilities [{mobileEmulationEnabled=false, timeouts={implicit=0, pageLoad=300000, script=30000}, hasTouchScreen=false, platform=XP, acceptSslCerts=false, goog:chromeOptions={debuggerAddress=localhost:57480}, acceptInsecureCerts=false, webStorageEnabled=true, browserName=chrome, takesScreenshot=true, javascriptEnabled=true, platformName=XP, setWindowRect=true, unexpectedAlertBehaviour=ignore, applicationCacheEnabled=false, rotatable=false, networkConnectionEnabled=false, chrome={chromedriverVersion=2.45.615291 (ec3682e3c9061c10f26ea9e5cdcf3c53f3f74387), userDataDir=C:\Users\kumar\AppData\Local\Temp\scoped_dir24908_23646}, takesHeapSnapshot=true, unhandledPromptBehavior=ignore, pageLoadStrategy=normal, strictFileInteractability=false, databaseEnabled=false, handlesAlerts=true, version=71.0.3578.98, browserConnectionEnabled=false, proxy=Proxy(), nativeEvents=true, locationContextEnabled=true, cssSelectorsEnabled=true}]
Session ID: b38c2a016a51d17a84b062efd3f3005c
	at sun.reflect.NativeConstructorAccessorImpl.newInstance0(Native Method)
	at sun.reflect.NativeConstructorAccessorImpl.newInstance(NativeConstructorAccessorImpl.java:62)
	at sun.reflect.DelegatingConstructorAccessorImpl.newInstance(DelegatingConstructorAccessorImpl.java:45)
	at java.lang.reflect.Constructor.newInstance(Constructor.java:423)
	at org.openqa.selenium.remote.ErrorHandler.createThrowable(ErrorHandler.java:215)
	at org.openqa.selenium.remote.ErrorHandler.throwIfResponseFailed(ErrorHandler.java:167)
	at org.openqa.selenium.remote.http.JsonHttpResponseCodec.reconstructValue(JsonHttpResponseCodec.java:40)
	at org.openqa.selenium.remote.http.AbstractHttpResponseCodec.decode(AbstractHttpResponseCodec.java:82)
	at org.openqa.selenium.remote.http.AbstractHttpResponseCodec.decode(AbstractHttpResponseCodec.java:45)
	at org.openqa.selenium.remote.HttpCommandExecutor.execute(HttpCommandExecutor.java:164)
	at org.openqa.selenium.remote.service.DriverCommandExecutor.execute(DriverCommandExecutor.java:82)
	at org.openqa.selenium.remote.RemoteWebDriver.execute(RemoteWebDriver.java:646)
	at org.openqa.selenium.remote.RemoteWebElement.execute(RemoteWebElement.java:275)
	at org.openqa.selenium.remote.RemoteWebElement.click(RemoteWebElement.java:82)
	at sun.reflect.NativeMethodAccessorImpl.invoke0(Native Method)
	at sun.reflect.NativeMethodAccessorImpl.invoke(NativeMethodAccessorImpl.java:62)
	at sun.reflect.DelegatingMethodAccessorImpl.invoke(DelegatingMethodAccessorImpl.java:43)
	at java.lang.reflect.Method.invoke(Method.java:498)
	at org.openqa.selenium.support.pagefactory.internal.LocatingElementHandler.invoke(LocatingElementHandler.java:51)
	at com.sun.proxy.$Proxy7.click(Unknown Source)
	at co.edureka.qa.pages.LoginPage.login(LoginPage.java:55)
	at co.edureka.qa.testcases.HomePageTest.setUp(HomePageTest.java:47)
</failure>
    <system-out>Configuring TestNG with: org.apache.maven.surefire.testng.conf.TestNG652Configurator@12bb4df8
02-06-2019 01:00:17 RequestAddCookies.java DEBUG [Forwarding newSession on session null to remote] protocol.RequestAddCookies 123 - CookieSpec selected: default
02-06-2019 01:00:17 RequestAuthCache.java DEBUG [Forwarding newSession on session null to remote] protocol.RequestAuthCache 77 - Auth cache not set in the context
02-06-2019 01:00:17 PoolingHttpClientConnectionManager.java DEBUG [Forwarding newSession on session null to remote] conn.PoolingHttpClientConnectionManager 255 - Connection request: [route: {}-&gt;http://localhost:23934][total kept alive: 0; route allocated: 0 of 2000; total allocated: 0 of 2000]
02-06-2019 01:00:17 PoolingHttpClientConnectionManager.java DEBUG [Forwarding newSession on session null to remote] conn.PoolingHttpClientConnectionManager 288 - Connection leased: [id: 0][route: {}-&gt;http://localhost:23934][total kept alive: 0; route allocated: 1 of 2000; total allocated: 1 of 2000]
02-06-2019 01:00:17 MainClientExec.java DEBUG [Forwarding newSession on session null to remote] execchain.MainClientExec 235 - Opening connection {}-&gt;http://localhost:23934
02-06-2019 01:00:17 DefaultHttpClientConnectionOperator.java DEBUG [Forwarding newSession on session null to remote] conn.DefaultHttpClientConnectionOperator 139 - Connecting to localhost/127.0.0.1:23934
02-06-2019 01:00:17 DefaultHttpClientConnectionOperator.java DEBUG [Forwarding newSession on session null to remote] conn.DefaultHttpClientConnectionOperator 146 - Connection established 127.0.0.1:57479&lt;-&gt;127.0.0.1:23934
02-06-2019 01:00:17 LoggingManagedHttpClientConnection.java DEBUG [Forwarding newSession on session null to remote] conn.DefaultManagedHttpClientConnection 88 - http-outgoing-0: set socket timeout to 10800000
02-06-2019 01:00:17 MainClientExec.java DEBUG [Forwarding newSession on session null to remote] execchain.MainClientExec 256 - Executing request POST /session HTTP/1.1
02-06-2019 01:00:17 MainClientExec.java DEBUG [Forwarding newSession on session null to remote] execchain.MainClientExec 261 - Target auth state: UNCHALLENGED
02-06-2019 01:00:17 MainClientExec.java DEBUG [Forwarding newSession on session null to remote] execchain.MainClientExec 267 - Proxy auth state: UNCHALLENGED
02-06-2019 01:00:17 LoggingManagedHttpClientConnection.java DEBUG [Forwarding newSession on session null to remote] http.headers 133 - http-outgoing-0 &gt;&gt; POST /session HTTP/1.1
02-06-2019 01:00:17 LoggingManagedHttpClientConnection.java DEBUG [Forwarding newSession on session null to remote] http.headers 136 - http-outgoing-0 &gt;&gt; Content-Type: application/json; charset=utf-8
02-06-2019 01:00:17 LoggingManagedHttpClientConnection.java DEBUG [Forwarding newSession on session null to remote] http.headers 136 - http-outgoing-0 &gt;&gt; Content-Length: 550
02-06-2019 01:00:17 LoggingManagedHttpClientConnection.java DEBUG [Forwarding newSession on session null to remote] http.headers 136 - http-outgoing-0 &gt;&gt; Host: localhost:23934
02-06-2019 01:00:17 LoggingManagedHttpClientConnection.java DEBUG [Forwarding newSession on session null to remote] http.headers 136 - http-outgoing-0 &gt;&gt; Connection: Keep-Alive
02-06-2019 01:00:17 LoggingManagedHttpClientConnection.java DEBUG [Forwarding newSession on session null to remote] http.headers 136 - http-outgoing-0 &gt;&gt; User-Agent: Apache-HttpClient/4.5.3 (Java/1.8.0_191)
02-06-2019 01:00:17 LoggingManagedHttpClientConnection.java DEBUG [Forwarding newSession on session null to remote] http.headers 136 - http-outgoing-0 &gt;&gt; Accept-Encoding: gzip,deflate
02-06-2019 01:00:17 Wire.java DEBUG [Forwarding newSession on session null to remote] http.wire 73 - http-outgoing-0 &gt;&gt; &quot;POST /session HTTP/1.1[\r][\n]&quot;
02-06-2019 01:00:17 Wire.java DEBUG [Forwarding newSession on session null to remote] http.wire 73 - http-outgoing-0 &gt;&gt; &quot;Content-Type: application/json; charset=utf-8[\r][\n]&quot;
02-06-2019 01:00:17 Wire.java DEBUG [Forwarding newSession on session null to remote] http.wire 73 - http-outgoing-0 &gt;&gt; &quot;Content-Length: 550[\r][\n]&quot;
02-06-2019 01:00:17 Wire.java DEBUG [Forwarding newSession on session null to remote] http.wire 73 - http-outgoing-0 &gt;&gt; &quot;Host: localhost:23934[\r][\n]&quot;
02-06-2019 01:00:17 Wire.java DEBUG [Forwarding newSession on session null to remote] http.wire 73 - http-outgoing-0 &gt;&gt; &quot;Connection: Keep-Alive[\r][\n]&quot;
02-06-2019 01:00:17 Wire.java DEBUG [Forwarding newSession on session null to remote] http.wire 73 - http-outgoing-0 &gt;&gt; &quot;User-Agent: Apache-HttpClient/4.5.3 (Java/1.8.0_191)[\r][\n]&quot;
02-06-2019 01:00:17 Wire.java DEBUG [Forwarding newSession on session null to remote] http.wire 73 - http-outgoing-0 &gt;&gt; &quot;Accept-Encoding: gzip,deflate[\r][\n]&quot;
02-06-2019 01:00:17 Wire.java DEBUG [Forwarding newSession on session null to remote] http.wire 73 - http-outgoing-0 &gt;&gt; &quot;[\r][\n]&quot;
02-06-2019 01:00:17 Wire.java DEBUG [Forwarding newSession on session null to remote] http.wire 73 - http-outgoing-0 &gt;&gt; &quot;{[\n]&quot;
02-06-2019 01:00:17 Wire.java DEBUG [Forwarding newSession on session null to remote] http.wire 73 - http-outgoing-0 &gt;&gt; &quot;  &quot;desiredCapabilities&quot;: {[\n]&quot;
02-06-2019 01:00:17 Wire.java DEBUG [Forwarding newSession on session null to remote] http.wire 73 - http-outgoing-0 &gt;&gt; &quot;    &quot;browserName&quot;: &quot;chrome&quot;,[\n]&quot;
02-06-2019 01:00:17 Wire.java DEBUG [Forwarding newSession on session null to remote] http.wire 73 - http-outgoing-0 &gt;&gt; &quot;    &quot;chromeOptions&quot;: {[\n]&quot;
02-06-2019 01:00:17 Wire.java DEBUG [Forwarding newSession on session null to remote] http.wire 73 - http-outgoing-0 &gt;&gt; &quot;      &quot;args&quot;: [],[\n]&quot;
02-06-2019 01:00:17 Wire.java DEBUG [Forwarding newSession on session null to remote] http.wire 73 - http-outgoing-0 &gt;&gt; &quot;      &quot;extensions&quot;: [][\n]&quot;
02-06-2019 01:00:17 Wire.java DEBUG [Forwarding newSession on session null to remote] http.wire 73 - http-outgoing-0 &gt;&gt; &quot;    },[\n]&quot;
02-06-2019 01:00:17 Wire.java DEBUG [Forwarding newSession on session null to remote] http.wire 73 - http-outgoing-0 &gt;&gt; &quot;    &quot;version&quot;: &quot;&quot;,[\n]&quot;
02-06-2019 01:00:17 Wire.java DEBUG [Forwarding newSession on session null to remote] http.wire 73 - http-outgoing-0 &gt;&gt; &quot;    &quot;platform&quot;: &quot;ANY&quot;[\n]&quot;
02-06-2019 01:00:17 Wire.java DEBUG [Forwarding newSession on session null to remote] http.wire 73 - http-outgoing-0 &gt;&gt; &quot;  },[\n]&quot;
02-06-2019 01:00:17 Wire.java DEBUG [Forwarding newSession on session null to remote] http.wire 73 - http-outgoing-0 &gt;&gt; &quot;  &quot;requiredCapabilities&quot;: {},[\n]&quot;
02-06-2019 01:00:17 Wire.java DEBUG [Forwarding newSession on session null to remote] http.wire 73 - http-outgoing-0 &gt;&gt; &quot;  &quot;capabilities&quot;: {[\n]&quot;
02-06-2019 01:00:17 Wire.java DEBUG [Forwarding newSession on session null to remote] http.wire 73 - http-outgoing-0 &gt;&gt; &quot;    &quot;desiredCapabilities&quot;: {[\n]&quot;
02-06-2019 01:00:17 Wire.java DEBUG [Forwarding newSession on session null to remote] http.wire 73 - http-outgoing-0 &gt;&gt; &quot;      &quot;browserName&quot;: &quot;chrome&quot;,[\n]&quot;
02-06-2019 01:00:17 Wire.java DEBUG [Forwarding newSession on session null to remote] http.wire 73 - http-outgoing-0 &gt;&gt; &quot;      &quot;chromeOptions&quot;: {[\n]&quot;
02-06-2019 01:00:17 Wire.java DEBUG [Forwarding newSession on session null to remote] http.wire 73 - http-outgoing-0 &gt;&gt; &quot;        &quot;args&quot;: [],[\n]&quot;
02-06-2019 01:00:17 Wire.java DEBUG [Forwarding newSession on session null to remote] http.wire 73 - http-outgoing-0 &gt;&gt; &quot;        &quot;extensions&quot;: [][\n]&quot;
02-06-2019 01:00:17 Wire.java DEBUG [Forwarding newSession on session null to remote] http.wire 73 - http-outgoing-0 &gt;&gt; &quot;      },[\n]&quot;
02-06-2019 01:00:17 Wire.java DEBUG [Forwarding newSession on session null to remote] http.wire 73 - http-outgoing-0 &gt;&gt; &quot;      &quot;version&quot;: &quot;&quot;,[\n]&quot;
02-06-2019 01:00:17 Wire.java DEBUG [Forwarding newSession on session null to remote] http.wire 73 - http-outgoing-0 &gt;&gt; &quot;      &quot;platform&quot;: &quot;ANY&quot;[\n]&quot;
02-06-2019 01:00:17 Wire.java DEBUG [Forwarding newSession on session null to remote] http.wire 73 - http-outgoing-0 &gt;&gt; &quot;    },[\n]&quot;
02-06-2019 01:00:17 Wire.java DEBUG [Forwarding newSession on session null to remote] http.wire 73 - http-outgoing-0 &gt;&gt; &quot;    &quot;requiredCapabilities&quot;: {},[\n]&quot;
02-06-2019 01:00:17 Wire.java DEBUG [Forwarding newSession on session null to remote] http.wire 73 - http-outgoing-0 &gt;&gt; &quot;    &quot;alwaysMatch&quot;: {},[\n]&quot;
02-06-2019 01:00:17 Wire.java DEBUG [Forwarding newSession on session null to remote] http.wire 73 - http-outgoing-0 &gt;&gt; &quot;    &quot;firstMatch&quot;: [[\n]&quot;
02-06-2019 01:00:17 Wire.java DEBUG [Forwarding newSession on session null to remote] http.wire 73 - http-outgoing-0 &gt;&gt; &quot;      {[\n]&quot;
02-06-2019 01:00:17 Wire.java DEBUG [Forwarding newSession on session null to remote] http.wire 73 - http-outgoing-0 &gt;&gt; &quot;        &quot;browserName&quot;: &quot;chrome&quot;[\n]&quot;
02-06-2019 01:00:17 Wire.java DEBUG [Forwarding newSession on session null to remote] http.wire 73 - http-outgoing-0 &gt;&gt; &quot;      }[\n]&quot;
02-06-2019 01:00:17 Wire.java DEBUG [Forwarding newSession on session null to remote] http.wire 73 - http-outgoing-0 &gt;&gt; &quot;    ][\n]&quot;
02-06-2019 01:00:17 Wire.java DEBUG [Forwarding newSession on session null to remote] http.wire 73 - http-outgoing-0 &gt;&gt; &quot;  }[\n]&quot;
02-06-2019 01:00:17 Wire.java DEBUG [Forwarding newSession on session null to remote] http.wire 87 - http-outgoing-0 &gt;&gt; &quot;}&quot;
02-06-2019 01:00:18 Wire.java DEBUG [Forwarding newSession on session null to remote] http.wire 73 - http-outgoing-0 &lt;&lt; &quot;HTTP/1.1 200 OK[\r][\n]&quot;
02-06-2019 01:00:18 Wire.java DEBUG [Forwarding newSession on session null to remote] http.wire 73 - http-outgoing-0 &lt;&lt; &quot;Content-Length:998[\r][\n]&quot;
02-06-2019 01:00:18 Wire.java DEBUG [Forwarding newSession on session null to remote] http.wire 73 - http-outgoing-0 &lt;&lt; &quot;Content-Type:application/json; charset=utf-8[\r][\n]&quot;
02-06-2019 01:00:18 Wire.java DEBUG [Forwarding newSession on session null to remote] http.wire 73 - http-outgoing-0 &lt;&lt; &quot;[\r][\n]&quot;
02-06-2019 01:00:18 Wire.java DEBUG [Forwarding newSession on session null to remote] http.wire 87 - http-outgoing-0 &lt;&lt; &quot;{&quot;sessionId&quot;:&quot;b38c2a016a51d17a84b062efd3f3005c&quot;,&quot;status&quot;:0,&quot;value&quot;:{&quot;acceptInsecureCerts&quot;:false,&quot;acceptSslCerts&quot;:false,&quot;applicationCacheEnabled&quot;:false,&quot;browserConnectionEnabled&quot;:false,&quot;browserName&quot;:&quot;chrome&quot;,&quot;chrome&quot;:{&quot;chromedriverVersion&quot;:&quot;2.45.615291 (ec3682e3c9061c10f26ea9e5cdcf3c53f3f74387)&quot;,&quot;userDataDir&quot;:&quot;C:\\Users\\kumar\\AppData\\Local\\Temp\\scoped_dir24908_23646&quot;},&quot;cssSelectorsEnabled&quot;:true,&quot;databaseEnabled&quot;:false,&quot;goog:chromeOptions&quot;:{&quot;debuggerAddress&quot;:&quot;localhost:57480&quot;},&quot;handlesAlerts&quot;:true,&quot;hasTouchScreen&quot;:false,&quot;javascriptEnabled&quot;:true,&quot;locationContextEnabled&quot;:true,&quot;mobileEmulationEnabled&quot;:false,&quot;nativeEvents&quot;:true,&quot;networkConnectionEnabled&quot;:false,&quot;pageLoadStrategy&quot;:&quot;normal&quot;,&quot;platform&quot;:&quot;Windows NT&quot;,&quot;proxy&quot;:{},&quot;rotatable&quot;:false,&quot;setWindowRect&quot;:true,&quot;strictFileInteractability&quot;:false,&quot;takesHeapSnapshot&quot;:true,&quot;takesScreenshot&quot;:true,&quot;timeouts&quot;:{&quot;implicit&quot;:0,&quot;pageLoad&quot;:300000,&quot;script&quot;:30000},&quot;unexpectedAlertBehaviour&quot;:&quot;ignore&quot;,&quot;version&quot;:&quot;71.0.3578.98&quot;,&quot;webStorageEnabled&quot;:true}}&quot;
02-06-2019 01:00:18 LoggingManagedHttpClientConnection.java DEBUG [Forwarding newSession on session null to remote] http.headers 122 - http-outgoing-0 &lt;&lt; HTTP/1.1 200 OK
02-06-2019 01:00:18 LoggingManagedHttpClientConnection.java DEBUG [Forwarding newSession on session null to remote] http.headers 125 - http-outgoing-0 &lt;&lt; Content-Length:998
02-06-2019 01:00:18 LoggingManagedHttpClientConnection.java DEBUG [Forwarding newSession on session null to remote] http.headers 125 - http-outgoing-0 &lt;&lt; Content-Type:application/json; charset=utf-8
02-06-2019 01:00:18 MainClientExec.java DEBUG [Forwarding newSession on session null to remote] execchain.MainClientExec 285 - Connection can be kept alive indefinitely
02-06-2019 01:00:18 PoolingHttpClientConnectionManager.java DEBUG [Forwarding newSession on session null to remote] conn.PoolingHttpClientConnectionManager 320 - Connection [id: 0][route: {}-&gt;http://localhost:23934] can be kept alive indefinitely
02-06-2019 01:00:18 PoolingHttpClientConnectionManager.java DEBUG [Forwarding newSession on session null to remote] conn.PoolingHttpClientConnectionManager 326 - Connection released: [id: 0][route: {}-&gt;http://localhost:23934][total kept alive: 1; route allocated: 1 of 2000; total allocated: 1 of 2000]
02-06-2019 01:00:18 RequestAddCookies.java DEBUG [Forwarding deleteAllCookies on session b38c2a016a51d17a84b062efd3f3005c to remote] protocol.RequestAddCookies 123 - CookieSpec selected: default
02-06-2019 01:00:18 RequestAuthCache.java DEBUG [Forwarding deleteAllCookies on session b38c2a016a51d17a84b062efd3f3005c to remote] protocol.RequestAuthCache 77 - Auth cache not set in the context
02-06-2019 01:00:18 PoolingHttpClientConnectionManager.java DEBUG [Forwarding deleteAllCookies on session b38c2a016a51d17a84b062efd3f3005c to remote] conn.PoolingHttpClientConnectionManager 255 - Connection request: [route: {}-&gt;http://localhost:23934][total kept alive: 1; route allocated: 1 of 2000; total allocated: 1 of 2000]
02-06-2019 01:00:18 PoolingHttpClientConnectionManager.java DEBUG [Forwarding deleteAllCookies on session b38c2a016a51d17a84b062efd3f3005c to remote] conn.PoolingHttpClientConnectionManager 288 - Connection leased: [id: 0][route: {}-&gt;http://localhost:23934][total kept alive: 0; route allocated: 1 of 2000; total allocated: 1 of 2000]
02-06-2019 01:00:18 MainClientExec.java DEBUG [Forwarding deleteAllCookies on session b38c2a016a51d17a84b062efd3f3005c to remote] execchain.MainClientExec 208 - Stale connection check
02-06-2019 01:00:18 Wire.java DEBUG [Forwarding deleteAllCookies on session b38c2a016a51d17a84b062efd3f3005c to remote] http.wire 87 - http-outgoing-0 &lt;&lt; &quot;[read] I/O error: Read timed out&quot;
02-06-2019 01:00:18 LoggingManagedHttpClientConnection.java DEBUG [Forwarding deleteAllCookies on session b38c2a016a51d17a84b062efd3f3005c to remote] conn.DefaultManagedHttpClientConnection 88 - http-outgoing-0: set socket timeout to 10800000
02-06-2019 01:00:18 MainClientExec.java DEBUG [Forwarding deleteAllCookies on session b38c2a016a51d17a84b062efd3f3005c to remote] execchain.MainClientExec 256 - Executing request DELETE /session/b38c2a016a51d17a84b062efd3f3005c/cookie HTTP/1.1
02-06-2019 01:00:18 MainClientExec.java DEBUG [Forwarding deleteAllCookies on session b38c2a016a51d17a84b062efd3f3005c to remote] execchain.MainClientExec 261 - Target auth state: UNCHALLENGED
02-06-2019 01:00:18 MainClientExec.java DEBUG [Forwarding deleteAllCookies on session b38c2a016a51d17a84b062efd3f3005c to remote] execchain.MainClientExec 267 - Proxy auth state: UNCHALLENGED
02-06-2019 01:00:18 LoggingManagedHttpClientConnection.java DEBUG [Forwarding deleteAllCookies on session b38c2a016a51d17a84b062efd3f3005c to remote] http.headers 133 - http-outgoing-0 &gt;&gt; DELETE /session/b38c2a016a51d17a84b062efd3f3005c/cookie HTTP/1.1
02-06-2019 01:00:18 LoggingManagedHttpClientConnection.java DEBUG [Forwarding deleteAllCookies on session b38c2a016a51d17a84b062efd3f3005c to remote] http.headers 136 - http-outgoing-0 &gt;&gt; Host: localhost:23934
02-06-2019 01:00:18 LoggingManagedHttpClientConnection.java DEBUG [Forwarding deleteAllCookies on session b38c2a016a51d17a84b062efd3f3005c to remote] http.headers 136 - http-outgoing-0 &gt;&gt; Connection: Keep-Alive
02-06-2019 01:00:18 LoggingManagedHttpClientConnection.java DEBUG [Forwarding deleteAllCookies on session b38c2a016a51d17a84b062efd3f3005c to remote] http.headers 136 - http-outgoing-0 &gt;&gt; User-Agent: Apache-HttpClient/4.5.3 (Java/1.8.0_191)
02-06-2019 01:00:18 LoggingManagedHttpClientConnection.java DEBUG [Forwarding deleteAllCookies on session b38c2a016a51d17a84b062efd3f3005c to remote] http.headers 136 - http-outgoing-0 &gt;&gt; Accept-Encoding: gzip,deflate
02-06-2019 01:00:18 Wire.java DEBUG [Forwarding deleteAllCookies on session b38c2a016a51d17a84b062efd3f3005c to remote] http.wire 73 - http-outgoing-0 &gt;&gt; &quot;DELETE /session/b38c2a016a51d17a84b062efd3f3005c/cookie HTTP/1.1[\r][\n]&quot;
02-06-2019 01:00:18 Wire.java DEBUG [Forwarding deleteAllCookies on session b38c2a016a51d17a84b062efd3f3005c to remote] http.wire 73 - http-outgoing-0 &gt;&gt; &quot;Host: localhost:23934[\r][\n]&quot;
02-06-2019 01:00:18 Wire.java DEBUG [Forwarding deleteAllCookies on session b38c2a016a51d17a84b062efd3f3005c to remote] http.wire 73 - http-outgoing-0 &gt;&gt; &quot;Connection: Keep-Alive[\r][\n]&quot;
02-06-2019 01:00:18 Wire.java DEBUG [Forwarding deleteAllCookies on session b38c2a016a51d17a84b062efd3f3005c to remote] http.wire 73 - http-outgoing-0 &gt;&gt; &quot;User-Agent: Apache-HttpClient/4.5.3 (Java/1.8.0_191)[\r][\n]&quot;
02-06-2019 01:00:18 Wire.java DEBUG [Forwarding deleteAllCookies on session b38c2a016a51d17a84b062efd3f3005c to remote] http.wire 73 - http-outgoing-0 &gt;&gt; &quot;Accept-Encoding: gzip,deflate[\r][\n]&quot;
02-06-2019 01:00:18 Wire.java DEBUG [Forwarding deleteAllCookies on session b38c2a016a51d17a84b062efd3f3005c to remote] http.wire 73 - http-outgoing-0 &gt;&gt; &quot;[\r][\n]&quot;
02-06-2019 01:00:20 Wire.java DEBUG [Forwarding deleteAllCookies on session b38c2a016a51d17a84b062efd3f3005c to remote] http.wire 73 - http-outgoing-0 &lt;&lt; &quot;HTTP/1.1 200 OK[\r][\n]&quot;
02-06-2019 01:00:20 Wire.java DEBUG [Forwarding deleteAllCookies on session b38c2a016a51d17a84b062efd3f3005c to remote] http.wire 73 - http-outgoing-0 &lt;&lt; &quot;Content-Length:72[\r][\n]&quot;
02-06-2019 01:00:20 Wire.java DEBUG [Forwarding deleteAllCookies on session b38c2a016a51d17a84b062efd3f3005c to remote] http.wire 73 - http-outgoing-0 &lt;&lt; &quot;Content-Type:application/json; charset=utf-8[\r][\n]&quot;
02-06-2019 01:00:20 Wire.java DEBUG [Forwarding deleteAllCookies on session b38c2a016a51d17a84b062efd3f3005c to remote] http.wire 73 - http-outgoing-0 &lt;&lt; &quot;[\r][\n]&quot;
02-06-2019 01:00:20 Wire.java DEBUG [Forwarding deleteAllCookies on session b38c2a016a51d17a84b062efd3f3005c to remote] http.wire 87 - http-outgoing-0 &lt;&lt; &quot;{&quot;sessionId&quot;:&quot;b38c2a016a51d17a84b062efd3f3005c&quot;,&quot;status&quot;:0,&quot;value&quot;:null}&quot;
02-06-2019 01:00:20 LoggingManagedHttpClientConnection.java DEBUG [Forwarding deleteAllCookies on session b38c2a016a51d17a84b062efd3f3005c to remote] http.headers 122 - http-outgoing-0 &lt;&lt; HTTP/1.1 200 OK
02-06-2019 01:00:20 LoggingManagedHttpClientConnection.java DEBUG [Forwarding deleteAllCookies on session b38c2a016a51d17a84b062efd3f3005c to remote] http.headers 125 - http-outgoing-0 &lt;&lt; Content-Length:72
02-06-2019 01:00:20 LoggingManagedHttpClientConnection.java DEBUG [Forwarding deleteAllCookies on session b38c2a016a51d17a84b062efd3f3005c to remote] http.headers 125 - http-outgoing-0 &lt;&lt; Content-Type:application/json; charset=utf-8
02-06-2019 01:00:20 MainClientExec.java DEBUG [Forwarding deleteAllCookies on session b38c2a016a51d17a84b062efd3f3005c to remote] execchain.MainClientExec 285 - Connection can be kept alive indefinitely
02-06-2019 01:00:20 PoolingHttpClientConnectionManager.java DEBUG [Forwarding deleteAllCookies on session b38c2a016a51d17a84b062efd3f3005c to remote] conn.PoolingHttpClientConnectionManager 320 - Connection [id: 0][route: {}-&gt;http://localhost:23934] can be kept alive indefinitely
02-06-2019 01:00:20 PoolingHttpClientConnectionManager.java DEBUG [Forwarding deleteAllCookies on session b38c2a016a51d17a84b062efd3f3005c to remote] conn.PoolingHttpClientConnectionManager 326 - Connection released: [id: 0][route: {}-&gt;http://localhost:23934][total kept alive: 1; route allocated: 1 of 2000; total allocated: 1 of 2000]
02-06-2019 01:00:20 RequestAddCookies.java DEBUG [Forwarding maximizeCurrentWindow on session b38c2a016a51d17a84b062efd3f3005c to remote] protocol.RequestAddCookies 123 - CookieSpec selected: default
02-06-2019 01:00:20 RequestAuthCache.java DEBUG [Forwarding maximizeCurrentWindow on session b38c2a016a51d17a84b062efd3f3005c to remote] protocol.RequestAuthCache 77 - Auth cache not set in the context
02-06-2019 01:00:20 PoolingHttpClientConnectionManager.java DEBUG [Forwarding maximizeCurrentWindow on session b38c2a016a51d17a84b062efd3f3005c to remote] conn.PoolingHttpClientConnectionManager 255 - Connection request: [route: {}-&gt;http://localhost:23934][total kept alive: 1; route allocated: 1 of 2000; total allocated: 1 of 2000]
02-06-2019 01:00:20 PoolingHttpClientConnectionManager.java DEBUG [Forwarding maximizeCurrentWindow on session b38c2a016a51d17a84b062efd3f3005c to remote] conn.PoolingHttpClientConnectionManager 288 - Connection leased: [id: 0][route: {}-&gt;http://localhost:23934][total kept alive: 0; route allocated: 1 of 2000; total allocated: 1 of 2000]
02-06-2019 01:00:20 MainClientExec.java DEBUG [Forwarding maximizeCurrentWindow on session b38c2a016a51d17a84b062efd3f3005c to remote] execchain.MainClientExec 208 - Stale connection check
02-06-2019 01:00:20 Wire.java DEBUG [Forwarding maximizeCurrentWindow on session b38c2a016a51d17a84b062efd3f3005c to remote] http.wire 87 - http-outgoing-0 &lt;&lt; &quot;[read] I/O error: Read timed out&quot;
02-06-2019 01:00:20 LoggingManagedHttpClientConnection.java DEBUG [Forwarding maximizeCurrentWindow on session b38c2a016a51d17a84b062efd3f3005c to remote] conn.DefaultManagedHttpClientConnection 88 - http-outgoing-0: set socket timeout to 10800000
02-06-2019 01:00:20 MainClientExec.java DEBUG [Forwarding maximizeCurrentWindow on session b38c2a016a51d17a84b062efd3f3005c to remote] execchain.MainClientExec 256 - Executing request POST /session/b38c2a016a51d17a84b062efd3f3005c/window/current/maximize HTTP/1.1
02-06-2019 01:00:20 MainClientExec.java DEBUG [Forwarding maximizeCurrentWindow on session b38c2a016a51d17a84b062efd3f3005c to remote] execchain.MainClientExec 261 - Target auth state: UNCHALLENGED
02-06-2019 01:00:20 MainClientExec.java DEBUG [Forwarding maximizeCurrentWindow on session b38c2a016a51d17a84b062efd3f3005c to remote] execchain.MainClientExec 267 - Proxy auth state: UNCHALLENGED
02-06-2019 01:00:20 LoggingManagedHttpClientConnection.java DEBUG [Forwarding maximizeCurrentWindow on session b38c2a016a51d17a84b062efd3f3005c to remote] http.headers 133 - http-outgoing-0 &gt;&gt; POST /session/b38c2a016a51d17a84b062efd3f3005c/window/current/maximize HTTP/1.1
02-06-2019 01:00:20 LoggingManagedHttpClientConnection.java DEBUG [Forwarding maximizeCurrentWindow on session b38c2a016a51d17a84b062efd3f3005c to remote] http.headers 136 - http-outgoing-0 &gt;&gt; Content-Type: application/json; charset=utf-8
02-06-2019 01:00:20 LoggingManagedHttpClientConnection.java DEBUG [Forwarding maximizeCurrentWindow on session b38c2a016a51d17a84b062efd3f3005c to remote] http.headers 136 - http-outgoing-0 &gt;&gt; Content-Length: 45
02-06-2019 01:00:20 LoggingManagedHttpClientConnection.java DEBUG [Forwarding maximizeCurrentWindow on session b38c2a016a51d17a84b062efd3f3005c to remote] http.headers 136 - http-outgoing-0 &gt;&gt; Host: localhost:23934
02-06-2019 01:00:20 LoggingManagedHttpClientConnection.java DEBUG [Forwarding maximizeCurrentWindow on session b38c2a016a51d17a84b062efd3f3005c to remote] http.headers 136 - http-outgoing-0 &gt;&gt; Connection: Keep-Alive
02-06-2019 01:00:20 LoggingManagedHttpClientConnection.java DEBUG [Forwarding maximizeCurrentWindow on session b38c2a016a51d17a84b062efd3f3005c to remote] http.headers 136 - http-outgoing-0 &gt;&gt; User-Agent: Apache-HttpClient/4.5.3 (Java/1.8.0_191)
02-06-2019 01:00:20 LoggingManagedHttpClientConnection.java DEBUG [Forwarding maximizeCurrentWindow on session b38c2a016a51d17a84b062efd3f3005c to remote] http.headers 136 - http-outgoing-0 &gt;&gt; Accept-Encoding: gzip,deflate
02-06-2019 01:00:20 Wire.java DEBUG [Forwarding maximizeCurrentWindow on session b38c2a016a51d17a84b062efd3f3005c to remote] http.wire 73 - http-outgoing-0 &gt;&gt; &quot;POST /session/b38c2a016a51d17a84b062efd3f3005c/window/current/maximize HTTP/1.1[\r][\n]&quot;
02-06-2019 01:00:20 Wire.java DEBUG [Forwarding maximizeCurrentWindow on session b38c2a016a51d17a84b062efd3f3005c to remote] http.wire 73 - http-outgoing-0 &gt;&gt; &quot;Content-Type: application/json; charset=utf-8[\r][\n]&quot;
02-06-2019 01:00:20 Wire.java DEBUG [Forwarding maximizeCurrentWindow on session b38c2a016a51d17a84b062efd3f3005c to remote] http.wire 73 - http-outgoing-0 &gt;&gt; &quot;Content-Length: 45[\r][\n]&quot;
02-06-2019 01:00:20 Wire.java DEBUG [Forwarding maximizeCurrentWindow on session b38c2a016a51d17a84b062efd3f3005c to remote] http.wire 73 - http-outgoing-0 &gt;&gt; &quot;Host: localhost:23934[\r][\n]&quot;
02-06-2019 01:00:20 Wire.java DEBUG [Forwarding maximizeCurrentWindow on session b38c2a016a51d17a84b062efd3f3005c to remote] http.wire 73 - http-outgoing-0 &gt;&gt; &quot;Connection: Keep-Alive[\r][\n]&quot;
02-06-2019 01:00:20 Wire.java DEBUG [Forwarding maximizeCurrentWindow on session b38c2a016a51d17a84b062efd3f3005c to remote] http.wire 73 - http-outgoing-0 &gt;&gt; &quot;User-Agent: Apache-HttpClient/4.5.3 (Java/1.8.0_191)[\r][\n]&quot;
02-06-2019 01:00:20 Wire.java DEBUG [Forwarding maximizeCurrentWindow on session b38c2a016a51d17a84b062efd3f3005c to remote] http.wire 73 - http-outgoing-0 &gt;&gt; &quot;Accept-Encoding: gzip,deflate[\r][\n]&quot;
02-06-2019 01:00:20 Wire.java DEBUG [Forwarding maximizeCurrentWindow on session b38c2a016a51d17a84b062efd3f3005c to remote] http.wire 73 - http-outgoing-0 &gt;&gt; &quot;[\r][\n]&quot;
02-06-2019 01:00:20 Wire.java DEBUG [Forwarding maximizeCurrentWindow on session b38c2a016a51d17a84b062efd3f3005c to remote] http.wire 87 - http-outgoing-0 &gt;&gt; &quot;{&quot;windowHandle&quot;:&quot;current&quot;,&quot;handle&quot;:&quot;current&quot;}&quot;
02-06-2019 01:00:21 Wire.java DEBUG [Forwarding maximizeCurrentWindow on session b38c2a016a51d17a84b062efd3f3005c to remote] http.wire 73 - http-outgoing-0 &lt;&lt; &quot;HTTP/1.1 200 OK[\r][\n]&quot;
02-06-2019 01:00:21 Wire.java DEBUG [Forwarding maximizeCurrentWindow on session b38c2a016a51d17a84b062efd3f3005c to remote] http.wire 73 - http-outgoing-0 &lt;&lt; &quot;Content-Length:109[\r][\n]&quot;
02-06-2019 01:00:21 Wire.java DEBUG [Forwarding maximizeCurrentWindow on session b38c2a016a51d17a84b062efd3f3005c to remote] http.wire 73 - http-outgoing-0 &lt;&lt; &quot;Content-Type:application/json; charset=utf-8[\r][\n]&quot;
02-06-2019 01:00:21 Wire.java DEBUG [Forwarding maximizeCurrentWindow on session b38c2a016a51d17a84b062efd3f3005c to remote] http.wire 73 - http-outgoing-0 &lt;&lt; &quot;[\r][\n]&quot;
02-06-2019 01:00:21 Wire.java DEBUG [Forwarding maximizeCurrentWindow on session b38c2a016a51d17a84b062efd3f3005c to remote] http.wire 87 - http-outgoing-0 &lt;&lt; &quot;{&quot;sessionId&quot;:&quot;b38c2a016a51d17a84b062efd3f3005c&quot;,&quot;status&quot;:0,&quot;value&quot;:{&quot;height&quot;:880,&quot;width&quot;:1473,&quot;x&quot;:71,&quot;y&quot;:-8}}&quot;
02-06-2019 01:00:21 LoggingManagedHttpClientConnection.java DEBUG [Forwarding maximizeCurrentWindow on session b38c2a016a51d17a84b062efd3f3005c to remote] http.headers 122 - http-outgoing-0 &lt;&lt; HTTP/1.1 200 OK
02-06-2019 01:00:21 LoggingManagedHttpClientConnection.java DEBUG [Forwarding maximizeCurrentWindow on session b38c2a016a51d17a84b062efd3f3005c to remote] http.headers 125 - http-outgoing-0 &lt;&lt; Content-Length:109
02-06-2019 01:00:21 LoggingManagedHttpClientConnection.java DEBUG [Forwarding maximizeCurrentWindow on session b38c2a016a51d17a84b062efd3f3005c to remote] http.headers 125 - http-outgoing-0 &lt;&lt; Content-Type:application/json; charset=utf-8
02-06-2019 01:00:21 MainClientExec.java DEBUG [Forwarding maximizeCurrentWindow on session b38c2a016a51d17a84b062efd3f3005c to remote] execchain.MainClientExec 285 - Connection can be kept alive indefinitely
02-06-2019 01:00:21 PoolingHttpClientConnectionManager.java DEBUG [Forwarding maximizeCurrentWindow on session b38c2a016a51d17a84b062efd3f3005c to remote] conn.PoolingHttpClientConnectionManager 320 - Connection [id: 0][route: {}-&gt;http://localhost:23934] can be kept alive indefinitely
02-06-2019 01:00:21 PoolingHttpClientConnectionManager.java DEBUG [Forwarding maximizeCurrentWindow on session b38c2a016a51d17a84b062efd3f3005c to remote] conn.PoolingHttpClientConnectionManager 326 - Connection released: [id: 0][route: {}-&gt;http://localhost:23934][total kept alive: 1; route allocated: 1 of 2000; total allocated: 1 of 2000]
02-06-2019 01:00:21 RequestAddCookies.java DEBUG [Forwarding setTimeout on session b38c2a016a51d17a84b062efd3f3005c to remote] protocol.RequestAddCookies 123 - CookieSpec selected: default
02-06-2019 01:00:21 RequestAuthCache.java DEBUG [Forwarding setTimeout on session b38c2a016a51d17a84b062efd3f3005c to remote] protocol.RequestAuthCache 77 - Auth cache not set in the context
02-06-2019 01:00:21 PoolingHttpClientConnectionManager.java DEBUG [Forwarding setTimeout on session b38c2a016a51d17a84b062efd3f3005c to remote] conn.PoolingHttpClientConnectionManager 255 - Connection request: [route: {}-&gt;http://localhost:23934][total kept alive: 1; route allocated: 1 of 2000; total allocated: 1 of 2000]
02-06-2019 01:00:21 PoolingHttpClientConnectionManager.java DEBUG [Forwarding setTimeout on session b38c2a016a51d17a84b062efd3f3005c to remote] conn.PoolingHttpClientConnectionManager 288 - Connection leased: [id: 0][route: {}-&gt;http://localhost:23934][total kept alive: 0; route allocated: 1 of 2000; total allocated: 1 of 2000]
02-06-2019 01:00:21 MainClientExec.java DEBUG [Forwarding setTimeout on session b38c2a016a51d17a84b062efd3f3005c to remote] execchain.MainClientExec 208 - Stale connection check
02-06-2019 01:00:21 Wire.java DEBUG [Forwarding setTimeout on session b38c2a016a51d17a84b062efd3f3005c to remote] http.wire 87 - http-outgoing-0 &lt;&lt; &quot;[read] I/O error: Read timed out&quot;
02-06-2019 01:00:21 LoggingManagedHttpClientConnection.java DEBUG [Forwarding setTimeout on session b38c2a016a51d17a84b062efd3f3005c to remote] conn.DefaultManagedHttpClientConnection 88 - http-outgoing-0: set socket timeout to 10800000
02-06-2019 01:00:21 MainClientExec.java DEBUG [Forwarding setTimeout on session b38c2a016a51d17a84b062efd3f3005c to remote] execchain.MainClientExec 256 - Executing request POST /session/b38c2a016a51d17a84b062efd3f3005c/timeouts HTTP/1.1
02-06-2019 01:00:21 MainClientExec.java DEBUG [Forwarding setTimeout on session b38c2a016a51d17a84b062efd3f3005c to remote] execchain.MainClientExec 261 - Target auth state: UNCHALLENGED
02-06-2019 01:00:21 MainClientExec.java DEBUG [Forwarding setTimeout on session b38c2a016a51d17a84b062efd3f3005c to remote] execchain.MainClientExec 267 - Proxy auth state: UNCHALLENGED
02-06-2019 01:00:21 LoggingManagedHttpClientConnection.java DEBUG [Forwarding setTimeout on session b38c2a016a51d17a84b062efd3f3005c to remote] http.headers 133 - http-outgoing-0 &gt;&gt; POST /session/b38c2a016a51d17a84b062efd3f3005c/timeouts HTTP/1.1
02-06-2019 01:00:21 LoggingManagedHttpClientConnection.java DEBUG [Forwarding setTimeout on session b38c2a016a51d17a84b062efd3f3005c to remote] http.headers 136 - http-outgoing-0 &gt;&gt; Content-Type: application/json; charset=utf-8
02-06-2019 01:00:21 LoggingManagedHttpClientConnection.java DEBUG [Forwarding setTimeout on session b38c2a016a51d17a84b062efd3f3005c to remote] http.headers 136 - http-outgoing-0 &gt;&gt; Content-Length: 30
02-06-2019 01:00:21 LoggingManagedHttpClientConnection.java DEBUG [Forwarding setTimeout on session b38c2a016a51d17a84b062efd3f3005c to remote] http.headers 136 - http-outgoing-0 &gt;&gt; Host: localhost:23934
02-06-2019 01:00:21 LoggingManagedHttpClientConnection.java DEBUG [Forwarding setTimeout on session b38c2a016a51d17a84b062efd3f3005c to remote] http.headers 136 - http-outgoing-0 &gt;&gt; Connection: Keep-Alive
02-06-2019 01:00:21 LoggingManagedHttpClientConnection.java DEBUG [Forwarding setTimeout on session b38c2a016a51d17a84b062efd3f3005c to remote] http.headers 136 - http-outgoing-0 &gt;&gt; User-Agent: Apache-HttpClient/4.5.3 (Java/1.8.0_191)
02-06-2019 01:00:21 LoggingManagedHttpClientConnection.java DEBUG [Forwarding setTimeout on session b38c2a016a51d17a84b062efd3f3005c to remote] http.headers 136 - http-outgoing-0 &gt;&gt; Accept-Encoding: gzip,deflate
02-06-2019 01:00:21 Wire.java DEBUG [Forwarding setTimeout on session b38c2a016a51d17a84b062efd3f3005c to remote] http.wire 73 - http-outgoing-0 &gt;&gt; &quot;POST /session/b38c2a016a51d17a84b062efd3f3005c/timeouts HTTP/1.1[\r][\n]&quot;
02-06-2019 01:00:21 Wire.java DEBUG [Forwarding setTimeout on session b38c2a016a51d17a84b062efd3f3005c to remote] http.wire 73 - http-outgoing-0 &gt;&gt; &quot;Content-Type: application/json; charset=utf-8[\r][\n]&quot;
02-06-2019 01:00:21 Wire.java DEBUG [Forwarding setTimeout on session b38c2a016a51d17a84b062efd3f3005c to remote] http.wire 73 - http-outgoing-0 &gt;&gt; &quot;Content-Length: 30[\r][\n]&quot;
02-06-2019 01:00:21 Wire.java DEBUG [Forwarding setTimeout on session b38c2a016a51d17a84b062efd3f3005c to remote] http.wire 73 - http-outgoing-0 &gt;&gt; &quot;Host: localhost:23934[\r][\n]&quot;
02-06-2019 01:00:21 Wire.java DEBUG [Forwarding setTimeout on session b38c2a016a51d17a84b062efd3f3005c to remote] http.wire 73 - http-outgoing-0 &gt;&gt; &quot;Connection: Keep-Alive[\r][\n]&quot;
02-06-2019 01:00:21 Wire.java DEBUG [Forwarding setTimeout on session b38c2a016a51d17a84b062efd3f3005c to remote] http.wire 73 - http-outgoing-0 &gt;&gt; &quot;User-Agent: Apache-HttpClient/4.5.3 (Java/1.8.0_191)[\r][\n]&quot;
02-06-2019 01:00:21 Wire.java DEBUG [Forwarding setTimeout on session b38c2a016a51d17a84b062efd3f3005c to remote] http.wire 73 - http-outgoing-0 &gt;&gt; &quot;Accept-Encoding: gzip,deflate[\r][\n]&quot;
02-06-2019 01:00:21 Wire.java DEBUG [Forwarding setTimeout on session b38c2a016a51d17a84b062efd3f3005c to remote] http.wire 73 - http-outgoing-0 &gt;&gt; &quot;[\r][\n]&quot;
02-06-2019 01:00:21 Wire.java DEBUG [Forwarding setTimeout on session b38c2a016a51d17a84b062efd3f3005c to remote] http.wire 87 - http-outgoing-0 &gt;&gt; &quot;{&quot;type&quot;:&quot;implicit&quot;,&quot;ms&quot;:50000}&quot;
02-06-2019 01:00:21 Wire.java DEBUG [Forwarding setTimeout on session b38c2a016a51d17a84b062efd3f3005c to remote] http.wire 73 - http-outgoing-0 &lt;&lt; &quot;HTTP/1.1 200 OK[\r][\n]&quot;
02-06-2019 01:00:21 Wire.java DEBUG [Forwarding setTimeout on session b38c2a016a51d17a84b062efd3f3005c to remote] http.wire 73 - http-outgoing-0 &lt;&lt; &quot;Content-Length:72[\r][\n]&quot;
02-06-2019 01:00:21 Wire.java DEBUG [Forwarding setTimeout on session b38c2a016a51d17a84b062efd3f3005c to remote] http.wire 73 - http-outgoing-0 &lt;&lt; &quot;Content-Type:application/json; charset=utf-8[\r][\n]&quot;
02-06-2019 01:00:21 Wire.java DEBUG [Forwarding setTimeout on session b38c2a016a51d17a84b062efd3f3005c to remote] http.wire 73 - http-outgoing-0 &lt;&lt; &quot;[\r][\n]&quot;
02-06-2019 01:00:21 Wire.java DEBUG [Forwarding setTimeout on session b38c2a016a51d17a84b062efd3f3005c to remote] http.wire 87 - http-outgoing-0 &lt;&lt; &quot;{&quot;sessionId&quot;:&quot;b38c2a016a51d17a84b062efd3f3005c&quot;,&quot;status&quot;:0,&quot;value&quot;:null}&quot;
02-06-2019 01:00:21 LoggingManagedHttpClientConnection.java DEBUG [Forwarding setTimeout on session b38c2a016a51d17a84b062efd3f3005c to remote] http.headers 122 - http-outgoing-0 &lt;&lt; HTTP/1.1 200 OK
02-06-2019 01:00:21 LoggingManagedHttpClientConnection.java DEBUG [Forwarding setTimeout on session b38c2a016a51d17a84b062efd3f3005c to remote] http.headers 125 - http-outgoing-0 &lt;&lt; Content-Length:72
02-06-2019 01:00:21 LoggingManagedHttpClientConnection.java DEBUG [Forwarding setTimeout on session b38c2a016a51d17a84b062efd3f3005c to remote] http.headers 125 - http-outgoing-0 &lt;&lt; Content-Type:application/json; charset=utf-8
02-06-2019 01:00:21 MainClientExec.java DEBUG [Forwarding setTimeout on session b38c2a016a51d17a84b062efd3f3005c to remote] execchain.MainClientExec 285 - Connection can be kept alive indefinitely
02-06-2019 01:00:21 PoolingHttpClientConnectionManager.java DEBUG [Forwarding setTimeout on session b38c2a016a51d17a84b062efd3f3005c to remote] conn.PoolingHttpClientConnectionManager 320 - Connection [id: 0][route: {}-&gt;http://localhost:23934] can be kept alive indefinitely
02-06-2019 01:00:21 PoolingHttpClientConnectionManager.java DEBUG [Forwarding setTimeout on session b38c2a016a51d17a84b062efd3f3005c to remote] conn.PoolingHttpClientConnectionManager 326 - Connection released: [id: 0][route: {}-&gt;http://localhost:23934][total kept alive: 1; route allocated: 1 of 2000; total allocated: 1 of 2000]
02-06-2019 01:00:21 RequestAddCookies.java DEBUG [Forwarding setTimeout on session b38c2a016a51d17a84b062efd3f3005c to remote] protocol.RequestAddCookies 123 - CookieSpec selected: default
02-06-2019 01:00:21 RequestAuthCache.java DEBUG [Forwarding setTimeout on session b38c2a016a51d17a84b062efd3f3005c to remote] protocol.RequestAuthCache 77 - Auth cache not set in the context
02-06-2019 01:00:21 PoolingHttpClientConnectionManager.java DEBUG [Forwarding setTimeout on session b38c2a016a51d17a84b062efd3f3005c to remote] conn.PoolingHttpClientConnectionManager 255 - Connection request: [route: {}-&gt;http://localhost:23934][total kept alive: 1; route allocated: 1 of 2000; total allocated: 1 of 2000]
02-06-2019 01:00:21 PoolingHttpClientConnectionManager.java DEBUG [Forwarding setTimeout on session b38c2a016a51d17a84b062efd3f3005c to remote] conn.PoolingHttpClientConnectionManager 288 - Connection leased: [id: 0][route: {}-&gt;http://localhost:23934][total kept alive: 0; route allocated: 1 of 2000; total allocated: 1 of 2000]
02-06-2019 01:00:21 MainClientExec.java DEBUG [Forwarding setTimeout on session b38c2a016a51d17a84b062efd3f3005c to remote] execchain.MainClientExec 208 - Stale connection check
02-06-2019 01:00:21 Wire.java DEBUG [Forwarding setTimeout on session b38c2a016a51d17a84b062efd3f3005c to remote] http.wire 87 - http-outgoing-0 &lt;&lt; &quot;[read] I/O error: Read timed out&quot;
02-06-2019 01:00:21 LoggingManagedHttpClientConnection.java DEBUG [Forwarding setTimeout on session b38c2a016a51d17a84b062efd3f3005c to remote] conn.DefaultManagedHttpClientConnection 88 - http-outgoing-0: set socket timeout to 10800000
02-06-2019 01:00:21 MainClientExec.java DEBUG [Forwarding setTimeout on session b38c2a016a51d17a84b062efd3f3005c to remote] execchain.MainClientExec 256 - Executing request POST /session/b38c2a016a51d17a84b062efd3f3005c/timeouts HTTP/1.1
02-06-2019 01:00:21 MainClientExec.java DEBUG [Forwarding setTimeout on session b38c2a016a51d17a84b062efd3f3005c to remote] execchain.MainClientExec 261 - Target auth state: UNCHALLENGED
02-06-2019 01:00:21 MainClientExec.java DEBUG [Forwarding setTimeout on session b38c2a016a51d17a84b062efd3f3005c to remote] execchain.MainClientExec 267 - Proxy auth state: UNCHALLENGED
02-06-2019 01:00:21 LoggingManagedHttpClientConnection.java DEBUG [Forwarding setTimeout on session b38c2a016a51d17a84b062efd3f3005c to remote] http.headers 133 - http-outgoing-0 &gt;&gt; POST /session/b38c2a016a51d17a84b062efd3f3005c/timeouts HTTP/1.1
02-06-2019 01:00:21 LoggingManagedHttpClientConnection.java DEBUG [Forwarding setTimeout on session b38c2a016a51d17a84b062efd3f3005c to remote] http.headers 136 - http-outgoing-0 &gt;&gt; Content-Type: application/json; charset=utf-8
02-06-2019 01:00:21 LoggingManagedHttpClientConnection.java DEBUG [Forwarding setTimeout on session b38c2a016a51d17a84b062efd3f3005c to remote] http.headers 136 - http-outgoing-0 &gt;&gt; Content-Length: 31
02-06-2019 01:00:21 LoggingManagedHttpClientConnection.java DEBUG [Forwarding setTimeout on session b38c2a016a51d17a84b062efd3f3005c to remote] http.headers 136 - http-outgoing-0 &gt;&gt; Host: localhost:23934
02-06-2019 01:00:21 LoggingManagedHttpClientConnection.java DEBUG [Forwarding setTimeout on session b38c2a016a51d17a84b062efd3f3005c to remote] http.headers 136 - http-outgoing-0 &gt;&gt; Connection: Keep-Alive
02-06-2019 01:00:21 LoggingManagedHttpClientConnection.java DEBUG [Forwarding setTimeout on session b38c2a016a51d17a84b062efd3f3005c to remote] http.headers 136 - http-outgoing-0 &gt;&gt; User-Agent: Apache-HttpClient/4.5.3 (Java/1.8.0_191)
02-06-2019 01:00:21 LoggingManagedHttpClientConnection.java DEBUG [Forwarding setTimeout on session b38c2a016a51d17a84b062efd3f3005c to remote] http.headers 136 - http-outgoing-0 &gt;&gt; Accept-Encoding: gzip,deflate
02-06-2019 01:00:21 Wire.java DEBUG [Forwarding setTimeout on session b38c2a016a51d17a84b062efd3f3005c to remote] http.wire 73 - http-outgoing-0 &gt;&gt; &quot;POST /session/b38c2a016a51d17a84b062efd3f3005c/timeouts HTTP/1.1[\r][\n]&quot;
02-06-2019 01:00:21 Wire.java DEBUG [Forwarding setTimeout on session b38c2a016a51d17a84b062efd3f3005c to remote] http.wire 73 - http-outgoing-0 &gt;&gt; &quot;Content-Type: application/json; charset=utf-8[\r][\n]&quot;
02-06-2019 01:00:21 Wire.java DEBUG [Forwarding setTimeout on session b38c2a016a51d17a84b062efd3f3005c to remote] http.wire 73 - http-outgoing-0 &gt;&gt; &quot;Content-Length: 31[\r][\n]&quot;
02-06-2019 01:00:21 Wire.java DEBUG [Forwarding setTimeout on session b38c2a016a51d17a84b062efd3f3005c to remote] http.wire 73 - http-outgoing-0 &gt;&gt; &quot;Host: localhost:23934[\r][\n]&quot;
02-06-2019 01:00:21 Wire.java DEBUG [Forwarding setTimeout on session b38c2a016a51d17a84b062efd3f3005c to remote] http.wire 73 - http-outgoing-0 &gt;&gt; &quot;Connection: Keep-Alive[\r][\n]&quot;
02-06-2019 01:00:21 Wire.java DEBUG [Forwarding setTimeout on session b38c2a016a51d17a84b062efd3f3005c to remote] http.wire 73 - http-outgoing-0 &gt;&gt; &quot;User-Agent: Apache-HttpClient/4.5.3 (Java/1.8.0_191)[\r][\n]&quot;
02-06-2019 01:00:21 Wire.java DEBUG [Forwarding setTimeout on session b38c2a016a51d17a84b062efd3f3005c to remote] http.wire 73 - http-outgoing-0 &gt;&gt; &quot;Accept-Encoding: gzip,deflate[\r][\n]&quot;
02-06-2019 01:00:21 Wire.java DEBUG [Forwarding setTimeout on session b38c2a016a51d17a84b062efd3f3005c to remote] http.wire 73 - http-outgoing-0 &gt;&gt; &quot;[\r][\n]&quot;
02-06-2019 01:00:21 Wire.java DEBUG [Forwarding setTimeout on session b38c2a016a51d17a84b062efd3f3005c to remote] http.wire 87 - http-outgoing-0 &gt;&gt; &quot;{&quot;type&quot;:&quot;page load&quot;,&quot;ms&quot;:50000}&quot;
02-06-2019 01:00:21 Wire.java DEBUG [Forwarding setTimeout on session b38c2a016a51d17a84b062efd3f3005c to remote] http.wire 73 - http-outgoing-0 &lt;&lt; &quot;HTTP/1.1 200 OK[\r][\n]&quot;
02-06-2019 01:00:21 Wire.java DEBUG [Forwarding setTimeout on session b38c2a016a51d17a84b062efd3f3005c to remote] http.wire 73 - http-outgoing-0 &lt;&lt; &quot;Content-Length:72[\r][\n]&quot;
02-06-2019 01:00:21 Wire.java DEBUG [Forwarding setTimeout on session b38c2a016a51d17a84b062efd3f3005c to remote] http.wire 73 - http-outgoing-0 &lt;&lt; &quot;Content-Type:application/json; charset=utf-8[\r][\n]&quot;
02-06-2019 01:00:21 Wire.java DEBUG [Forwarding setTimeout on session b38c2a016a51d17a84b062efd3f3005c to remote] http.wire 73 - http-outgoing-0 &lt;&lt; &quot;[\r][\n]&quot;
02-06-2019 01:00:21 Wire.java DEBUG [Forwarding setTimeout on session b38c2a016a51d17a84b062efd3f3005c to remote] http.wire 87 - http-outgoing-0 &lt;&lt; &quot;{&quot;sessionId&quot;:&quot;b38c2a016a51d17a84b062efd3f3005c&quot;,&quot;status&quot;:0,&quot;value&quot;:null}&quot;
02-06-2019 01:00:21 LoggingManagedHttpClientConnection.java DEBUG [Forwarding setTimeout on session b38c2a016a51d17a84b062efd3f3005c to remote] http.headers 122 - http-outgoing-0 &lt;&lt; HTTP/1.1 200 OK
02-06-2019 01:00:21 LoggingManagedHttpClientConnection.java DEBUG [Forwarding setTimeout on session b38c2a016a51d17a84b062efd3f3005c to remote] http.headers 125 - http-outgoing-0 &lt;&lt; Content-Length:72
02-06-2019 01:00:21 LoggingManagedHttpClientConnection.java DEBUG [Forwarding setTimeout on session b38c2a016a51d17a84b062efd3f3005c to remote] http.headers 125 - http-outgoing-0 &lt;&lt; Content-Type:application/json; charset=utf-8
02-06-2019 01:00:21 MainClientExec.java DEBUG [Forwarding setTimeout on session b38c2a016a51d17a84b062efd3f3005c to remote] execchain.MainClientExec 285 - Connection can be kept alive indefinitely
02-06-2019 01:00:21 PoolingHttpClientConnectionManager.java DEBUG [Forwarding setTimeout on session b38c2a016a51d17a84b062efd3f3005c to remote] conn.PoolingHttpClientConnectionManager 320 - Connection [id: 0][route: {}-&gt;http://localhost:23934] can be kept alive indefinitely
02-06-2019 01:00:21 PoolingHttpClientConnectionManager.java DEBUG [Forwarding setTimeout on session b38c2a016a51d17a84b062efd3f3005c to remote] conn.PoolingHttpClientConnectionManager 326 - Connection released: [id: 0][route: {}-&gt;http://localhost:23934][total kept alive: 1; route allocated: 1 of 2000; total allocated: 1 of 2000]
02-06-2019 01:00:21 RequestAddCookies.java DEBUG [Forwarding get on session b38c2a016a51d17a84b062efd3f3005c to remote] protocol.RequestAddCookies 123 - CookieSpec selected: default
02-06-2019 01:00:21 RequestAuthCache.java DEBUG [Forwarding get on session b38c2a016a51d17a84b062efd3f3005c to remote] protocol.RequestAuthCache 77 - Auth cache not set in the context
02-06-2019 01:00:21 PoolingHttpClientConnectionManager.java DEBUG [Forwarding get on session b38c2a016a51d17a84b062efd3f3005c to remote] conn.PoolingHttpClientConnectionManager 255 - Connection request: [route: {}-&gt;http://localhost:23934][total kept alive: 1; route allocated: 1 of 2000; total allocated: 1 of 2000]
02-06-2019 01:00:21 PoolingHttpClientConnectionManager.java DEBUG [Forwarding get on session b38c2a016a51d17a84b062efd3f3005c to remote] conn.PoolingHttpClientConnectionManager 288 - Connection leased: [id: 0][route: {}-&gt;http://localhost:23934][total kept alive: 0; route allocated: 1 of 2000; total allocated: 1 of 2000]
02-06-2019 01:00:21 MainClientExec.java DEBUG [Forwarding get on session b38c2a016a51d17a84b062efd3f3005c to remote] execchain.MainClientExec 208 - Stale connection check
02-06-2019 01:00:21 Wire.java DEBUG [Forwarding get on session b38c2a016a51d17a84b062efd3f3005c to remote] http.wire 87 - http-outgoing-0 &lt;&lt; &quot;[read] I/O error: Read timed out&quot;
02-06-2019 01:00:21 LoggingManagedHttpClientConnection.java DEBUG [Forwarding get on session b38c2a016a51d17a84b062efd3f3005c to remote] conn.DefaultManagedHttpClientConnection 88 - http-outgoing-0: set socket timeout to 10800000
02-06-2019 01:00:21 MainClientExec.java DEBUG [Forwarding get on session b38c2a016a51d17a84b062efd3f3005c to remote] execchain.MainClientExec 256 - Executing request POST /session/b38c2a016a51d17a84b062efd3f3005c/url HTTP/1.1
02-06-2019 01:00:21 MainClientExec.java DEBUG [Forwarding get on session b38c2a016a51d17a84b062efd3f3005c to remote] execchain.MainClientExec 261 - Target auth state: UNCHALLENGED
02-06-2019 01:00:21 MainClientExec.java DEBUG [Forwarding get on session b38c2a016a51d17a84b062efd3f3005c to remote] execchain.MainClientExec 267 - Proxy auth state: UNCHALLENGED
02-06-2019 01:00:21 LoggingManagedHttpClientConnection.java DEBUG [Forwarding get on session b38c2a016a51d17a84b062efd3f3005c to remote] http.headers 133 - http-outgoing-0 &gt;&gt; POST /session/b38c2a016a51d17a84b062efd3f3005c/url HTTP/1.1
02-06-2019 01:00:21 LoggingManagedHttpClientConnection.java DEBUG [Forwarding get on session b38c2a016a51d17a84b062efd3f3005c to remote] http.headers 136 - http-outgoing-0 &gt;&gt; Content-Type: application/json; charset=utf-8
02-06-2019 01:00:21 LoggingManagedHttpClientConnection.java DEBUG [Forwarding get on session b38c2a016a51d17a84b062efd3f3005c to remote] http.headers 136 - http-outgoing-0 &gt;&gt; Content-Length: 33
02-06-2019 01:00:21 LoggingManagedHttpClientConnection.java DEBUG [Forwarding get on session b38c2a016a51d17a84b062efd3f3005c to remote] http.headers 136 - http-outgoing-0 &gt;&gt; Host: localhost:23934
02-06-2019 01:00:21 LoggingManagedHttpClientConnection.java DEBUG [Forwarding get on session b38c2a016a51d17a84b062efd3f3005c to remote] http.headers 136 - http-outgoing-0 &gt;&gt; Connection: Keep-Alive
02-06-2019 01:00:21 LoggingManagedHttpClientConnection.java DEBUG [Forwarding get on session b38c2a016a51d17a84b062efd3f3005c to remote] http.headers 136 - http-outgoing-0 &gt;&gt; User-Agent: Apache-HttpClient/4.5.3 (Java/1.8.0_191)
02-06-2019 01:00:21 LoggingManagedHttpClientConnection.java DEBUG [Forwarding get on session b38c2a016a51d17a84b062efd3f3005c to remote] http.headers 136 - http-outgoing-0 &gt;&gt; Accept-Encoding: gzip,deflate
02-06-2019 01:00:21 Wire.java DEBUG [Forwarding get on session b38c2a016a51d17a84b062efd3f3005c to remote] http.wire 73 - http-outgoing-0 &gt;&gt; &quot;POST /session/b38c2a016a51d17a84b062efd3f3005c/url HTTP/1.1[\r][\n]&quot;
02-06-2019 01:00:21 Wire.java DEBUG [Forwarding get on session b38c2a016a51d17a84b062efd3f3005c to remote] http.wire 73 - http-outgoing-0 &gt;&gt; &quot;Content-Type: application/json; charset=utf-8[\r][\n]&quot;
02-06-2019 01:00:21 Wire.java DEBUG [Forwarding get on session b38c2a016a51d17a84b062efd3f3005c to remote] http.wire 73 - http-outgoing-0 &gt;&gt; &quot;Content-Length: 33[\r][\n]&quot;
02-06-2019 01:00:21 Wire.java DEBUG [Forwarding get on session b38c2a016a51d17a84b062efd3f3005c to remote] http.wire 73 - http-outgoing-0 &gt;&gt; &quot;Host: localhost:23934[\r][\n]&quot;
02-06-2019 01:00:21 Wire.java DEBUG [Forwarding get on session b38c2a016a51d17a84b062efd3f3005c to remote] http.wire 73 - http-outgoing-0 &gt;&gt; &quot;Connection: Keep-Alive[\r][\n]&quot;
02-06-2019 01:00:21 Wire.java DEBUG [Forwarding get on session b38c2a016a51d17a84b062efd3f3005c to remote] http.wire 73 - http-outgoing-0 &gt;&gt; &quot;User-Agent: Apache-HttpClient/4.5.3 (Java/1.8.0_191)[\r][\n]&quot;
02-06-2019 01:00:21 Wire.java DEBUG [Forwarding get on session b38c2a016a51d17a84b062efd3f3005c to remote] http.wire 73 - http-outgoing-0 &gt;&gt; &quot;Accept-Encoding: gzip,deflate[\r][\n]&quot;
02-06-2019 01:00:21 Wire.java DEBUG [Forwarding get on session b38c2a016a51d17a84b062efd3f3005c to remote] http.wire 73 - http-outgoing-0 &gt;&gt; &quot;[\r][\n]&quot;
02-06-2019 01:00:21 Wire.java DEBUG [Forwarding get on session b38c2a016a51d17a84b062efd3f3005c to remote] http.wire 87 - http-outgoing-0 &gt;&gt; &quot;{&quot;url&quot;:&quot;https://www.edureka.co/&quot;}&quot;
02-06-2019 01:00:26 Wire.java DEBUG [Forwarding get on session b38c2a016a51d17a84b062efd3f3005c to remote] http.wire 73 - http-outgoing-0 &lt;&lt; &quot;HTTP/1.1 200 OK[\r][\n]&quot;
02-06-2019 01:00:26 Wire.java DEBUG [Forwarding get on session b38c2a016a51d17a84b062efd3f3005c to remote] http.wire 73 - http-outgoing-0 &lt;&lt; &quot;Content-Length:72[\r][\n]&quot;
02-06-2019 01:00:26 Wire.java DEBUG [Forwarding get on session b38c2a016a51d17a84b062efd3f3005c to remote] http.wire 73 - http-outgoing-0 &lt;&lt; &quot;Content-Type:application/json; charset=utf-8[\r][\n]&quot;
02-06-2019 01:00:26 Wire.java DEBUG [Forwarding get on session b38c2a016a51d17a84b062efd3f3005c to remote] http.wire 73 - http-outgoing-0 &lt;&lt; &quot;[\r][\n]&quot;
02-06-2019 01:00:26 Wire.java DEBUG [Forwarding get on session b38c2a016a51d17a84b062efd3f3005c to remote] http.wire 87 - http-outgoing-0 &lt;&lt; &quot;{&quot;sessionId&quot;:&quot;b38c2a016a51d17a84b062efd3f3005c&quot;,&quot;status&quot;:0,&quot;value&quot;:null}&quot;
02-06-2019 01:00:26 LoggingManagedHttpClientConnection.java DEBUG [Forwarding get on session b38c2a016a51d17a84b062efd3f3005c to remote] http.headers 122 - http-outgoing-0 &lt;&lt; HTTP/1.1 200 OK
02-06-2019 01:00:26 LoggingManagedHttpClientConnection.java DEBUG [Forwarding get on session b38c2a016a51d17a84b062efd3f3005c to remote] http.headers 125 - http-outgoing-0 &lt;&lt; Content-Length:72
02-06-2019 01:00:26 LoggingManagedHttpClientConnection.java DEBUG [Forwarding get on session b38c2a016a51d17a84b062efd3f3005c to remote] http.headers 125 - http-outgoing-0 &lt;&lt; Content-Type:application/json; charset=utf-8
02-06-2019 01:00:26 MainClientExec.java DEBUG [Forwarding get on session b38c2a016a51d17a84b062efd3f3005c to remote] execchain.MainClientExec 285 - Connection can be kept alive indefinitely
02-06-2019 01:00:26 PoolingHttpClientConnectionManager.java DEBUG [Forwarding get on session b38c2a016a51d17a84b062efd3f3005c to remote] conn.PoolingHttpClientConnectionManager 320 - Connection [id: 0][route: {}-&gt;http://localhost:23934] can be kept alive indefinitely
02-06-2019 01:00:26 PoolingHttpClientConnectionManager.java DEBUG [Forwarding get on session b38c2a016a51d17a84b062efd3f3005c to remote] conn.PoolingHttpClientConnectionManager 326 - Connection released: [id: 0][route: {}-&gt;http://localhost:23934][total kept alive: 1; route allocated: 1 of 2000; total allocated: 1 of 2000]
02-06-2019 01:00:26 RequestAddCookies.java DEBUG [Forwarding findElement on session b38c2a016a51d17a84b062efd3f3005c to remote] protocol.RequestAddCookies 123 - CookieSpec selected: default
02-06-2019 01:00:26 RequestAuthCache.java DEBUG [Forwarding findElement on session b38c2a016a51d17a84b062efd3f3005c to remote] protocol.RequestAuthCache 77 - Auth cache not set in the context
02-06-2019 01:00:26 PoolingHttpClientConnectionManager.java DEBUG [Forwarding findElement on session b38c2a016a51d17a84b062efd3f3005c to remote] conn.PoolingHttpClientConnectionManager 255 - Connection request: [route: {}-&gt;http://localhost:23934][total kept alive: 1; route allocated: 1 of 2000; total allocated: 1 of 2000]
02-06-2019 01:00:26 PoolingHttpClientConnectionManager.java DEBUG [Forwarding findElement on session b38c2a016a51d17a84b062efd3f3005c to remote] conn.PoolingHttpClientConnectionManager 288 - Connection leased: [id: 0][route: {}-&gt;http://localhost:23934][total kept alive: 0; route allocated: 1 of 2000; total allocated: 1 of 2000]
02-06-2019 01:00:26 MainClientExec.java DEBUG [Forwarding findElement on session b38c2a016a51d17a84b062efd3f3005c to remote] execchain.MainClientExec 208 - Stale connection check
02-06-2019 01:00:26 Wire.java DEBUG [Forwarding findElement on session b38c2a016a51d17a84b062efd3f3005c to remote] http.wire 87 - http-outgoing-0 &lt;&lt; &quot;[read] I/O error: Read timed out&quot;
02-06-2019 01:00:26 LoggingManagedHttpClientConnection.java DEBUG [Forwarding findElement on session b38c2a016a51d17a84b062efd3f3005c to remote] conn.DefaultManagedHttpClientConnection 88 - http-outgoing-0: set socket timeout to 10800000
02-06-2019 01:00:26 MainClientExec.java DEBUG [Forwarding findElement on session b38c2a016a51d17a84b062efd3f3005c to remote] execchain.MainClientExec 256 - Executing request POST /session/b38c2a016a51d17a84b062efd3f3005c/element HTTP/1.1
02-06-2019 01:00:26 MainClientExec.java DEBUG [Forwarding findElement on session b38c2a016a51d17a84b062efd3f3005c to remote] execchain.MainClientExec 261 - Target auth state: UNCHALLENGED
02-06-2019 01:00:26 MainClientExec.java DEBUG [Forwarding findElement on session b38c2a016a51d17a84b062efd3f3005c to remote] execchain.MainClientExec 267 - Proxy auth state: UNCHALLENGED
02-06-2019 01:00:26 LoggingManagedHttpClientConnection.java DEBUG [Forwarding findElement on session b38c2a016a51d17a84b062efd3f3005c to remote] http.headers 133 - http-outgoing-0 &gt;&gt; POST /session/b38c2a016a51d17a84b062efd3f3005c/element HTTP/1.1
02-06-2019 01:00:26 LoggingManagedHttpClientConnection.java DEBUG [Forwarding findElement on session b38c2a016a51d17a84b062efd3f3005c to remote] http.headers 136 - http-outgoing-0 &gt;&gt; Content-Type: application/json; charset=utf-8
02-06-2019 01:00:26 LoggingManagedHttpClientConnection.java DEBUG [Forwarding findElement on session b38c2a016a51d17a84b062efd3f3005c to remote] http.headers 136 - http-outgoing-0 &gt;&gt; Content-Length: 38
02-06-2019 01:00:26 LoggingManagedHttpClientConnection.java DEBUG [Forwarding findElement on session b38c2a016a51d17a84b062efd3f3005c to remote] http.headers 136 - http-outgoing-0 &gt;&gt; Host: localhost:23934
02-06-2019 01:00:26 LoggingManagedHttpClientConnection.java DEBUG [Forwarding findElement on session b38c2a016a51d17a84b062efd3f3005c to remote] http.headers 136 - http-outgoing-0 &gt;&gt; Connection: Keep-Alive
02-06-2019 01:00:26 LoggingManagedHttpClientConnection.java DEBUG [Forwarding findElement on session b38c2a016a51d17a84b062efd3f3005c to remote] http.headers 136 - http-outgoing-0 &gt;&gt; User-Agent: Apache-HttpClient/4.5.3 (Java/1.8.0_191)
02-06-2019 01:00:26 LoggingManagedHttpClientConnection.java DEBUG [Forwarding findElement on session b38c2a016a51d17a84b062efd3f3005c to remote] http.headers 136 - http-outgoing-0 &gt;&gt; Accept-Encoding: gzip,deflate
02-06-2019 01:00:26 Wire.java DEBUG [Forwarding findElement on session b38c2a016a51d17a84b062efd3f3005c to remote] http.wire 73 - http-outgoing-0 &gt;&gt; &quot;POST /session/b38c2a016a51d17a84b062efd3f3005c/element HTTP/1.1[\r][\n]&quot;
02-06-2019 01:00:26 Wire.java DEBUG [Forwarding findElement on session b38c2a016a51d17a84b062efd3f3005c to remote] http.wire 73 - http-outgoing-0 &gt;&gt; &quot;Content-Type: application/json; charset=utf-8[\r][\n]&quot;
02-06-2019 01:00:26 Wire.java DEBUG [Forwarding findElement on session b38c2a016a51d17a84b062efd3f3005c to remote] http.wire 73 - http-outgoing-0 &gt;&gt; &quot;Content-Length: 38[\r][\n]&quot;
02-06-2019 01:00:26 Wire.java DEBUG [Forwarding findElement on session b38c2a016a51d17a84b062efd3f3005c to remote] http.wire 73 - http-outgoing-0 &gt;&gt; &quot;Host: localhost:23934[\r][\n]&quot;
02-06-2019 01:00:26 Wire.java DEBUG [Forwarding findElement on session b38c2a016a51d17a84b062efd3f3005c to remote] http.wire 73 - http-outgoing-0 &gt;&gt; &quot;Connection: Keep-Alive[\r][\n]&quot;
02-06-2019 01:00:26 Wire.java DEBUG [Forwarding findElement on session b38c2a016a51d17a84b062efd3f3005c to remote] http.wire 73 - http-outgoing-0 &gt;&gt; &quot;User-Agent: Apache-HttpClient/4.5.3 (Java/1.8.0_191)[\r][\n]&quot;
02-06-2019 01:00:26 Wire.java DEBUG [Forwarding findElement on session b38c2a016a51d17a84b062efd3f3005c to remote] http.wire 73 - http-outgoing-0 &gt;&gt; &quot;Accept-Encoding: gzip,deflate[\r][\n]&quot;
02-06-2019 01:00:26 Wire.java DEBUG [Forwarding findElement on session b38c2a016a51d17a84b062efd3f3005c to remote] http.wire 73 - http-outgoing-0 &gt;&gt; &quot;[\r][\n]&quot;
02-06-2019 01:00:26 Wire.java DEBUG [Forwarding findElement on session b38c2a016a51d17a84b062efd3f3005c to remote] http.wire 87 - http-outgoing-0 &gt;&gt; &quot;{&quot;using&quot;:&quot;link text&quot;,&quot;value&quot;:&quot;Log In&quot;}&quot;
02-06-2019 01:00:27 Wire.java DEBUG [Forwarding findElement on session b38c2a016a51d17a84b062efd3f3005c to remote] http.wire 73 - http-outgoing-0 &lt;&lt; &quot;HTTP/1.1 200 OK[\r][\n]&quot;
02-06-2019 01:00:27 Wire.java DEBUG [Forwarding findElement on session b38c2a016a51d17a84b062efd3f3005c to remote] http.wire 73 - http-outgoing-0 &lt;&lt; &quot;Content-Length:102[\r][\n]&quot;
02-06-2019 01:00:27 Wire.java DEBUG [Forwarding findElement on session b38c2a016a51d17a84b062efd3f3005c to remote] http.wire 73 - http-outgoing-0 &lt;&lt; &quot;Content-Type:application/json; charset=utf-8[\r][\n]&quot;
02-06-2019 01:00:27 Wire.java DEBUG [Forwarding findElement on session b38c2a016a51d17a84b062efd3f3005c to remote] http.wire 73 - http-outgoing-0 &lt;&lt; &quot;[\r][\n]&quot;
02-06-2019 01:00:27 Wire.java DEBUG [Forwarding findElement on session b38c2a016a51d17a84b062efd3f3005c to remote] http.wire 87 - http-outgoing-0 &lt;&lt; &quot;{&quot;sessionId&quot;:&quot;b38c2a016a51d17a84b062efd3f3005c&quot;,&quot;status&quot;:0,&quot;value&quot;:{&quot;ELEMENT&quot;:&quot;0.8973867573273051-1&quot;}}&quot;
02-06-2019 01:00:27 LoggingManagedHttpClientConnection.java DEBUG [Forwarding findElement on session b38c2a016a51d17a84b062efd3f3005c to remote] http.headers 122 - http-outgoing-0 &lt;&lt; HTTP/1.1 200 OK
02-06-2019 01:00:27 LoggingManagedHttpClientConnection.java DEBUG [Forwarding findElement on session b38c2a016a51d17a84b062efd3f3005c to remote] http.headers 125 - http-outgoing-0 &lt;&lt; Content-Length:102
02-06-2019 01:00:27 LoggingManagedHttpClientConnection.java DEBUG [Forwarding findElement on session b38c2a016a51d17a84b062efd3f3005c to remote] http.headers 125 - http-outgoing-0 &lt;&lt; Content-Type:application/json; charset=utf-8
02-06-2019 01:00:27 MainClientExec.java DEBUG [Forwarding findElement on session b38c2a016a51d17a84b062efd3f3005c to remote] execchain.MainClientExec 285 - Connection can be kept alive indefinitely
02-06-2019 01:00:27 PoolingHttpClientConnectionManager.java DEBUG [Forwarding findElement on session b38c2a016a51d17a84b062efd3f3005c to remote] conn.PoolingHttpClientConnectionManager 320 - Connection [id: 0][route: {}-&gt;http://localhost:23934] can be kept alive indefinitely
02-06-2019 01:00:27 PoolingHttpClientConnectionManager.java DEBUG [Forwarding findElement on session b38c2a016a51d17a84b062efd3f3005c to remote] conn.PoolingHttpClientConnectionManager 326 - Connection released: [id: 0][route: {}-&gt;http://localhost:23934][total kept alive: 1; route allocated: 1 of 2000; total allocated: 1 of 2000]
02-06-2019 01:00:27 RequestAddCookies.java DEBUG [Forwarding clickElement on session b38c2a016a51d17a84b062efd3f3005c to remote] protocol.RequestAddCookies 123 - CookieSpec selected: default
02-06-2019 01:00:27 RequestAuthCache.java DEBUG [Forwarding clickElement on session b38c2a016a51d17a84b062efd3f3005c to remote] protocol.RequestAuthCache 77 - Auth cache not set in the context
02-06-2019 01:00:27 PoolingHttpClientConnectionManager.java DEBUG [Forwarding clickElement on session b38c2a016a51d17a84b062efd3f3005c to remote] conn.PoolingHttpClientConnectionManager 255 - Connection request: [route: {}-&gt;http://localhost:23934][total kept alive: 1; route allocated: 1 of 2000; total allocated: 1 of 2000]
02-06-2019 01:00:27 PoolingHttpClientConnectionManager.java DEBUG [Forwarding clickElement on session b38c2a016a51d17a84b062efd3f3005c to remote] conn.PoolingHttpClientConnectionManager 288 - Connection leased: [id: 0][route: {}-&gt;http://localhost:23934][total kept alive: 0; route allocated: 1 of 2000; total allocated: 1 of 2000]
02-06-2019 01:00:27 MainClientExec.java DEBUG [Forwarding clickElement on session b38c2a016a51d17a84b062efd3f3005c to remote] execchain.MainClientExec 208 - Stale connection check
02-06-2019 01:00:27 Wire.java DEBUG [Forwarding clickElement on session b38c2a016a51d17a84b062efd3f3005c to remote] http.wire 87 - http-outgoing-0 &lt;&lt; &quot;[read] I/O error: Read timed out&quot;
02-06-2019 01:00:27 LoggingManagedHttpClientConnection.java DEBUG [Forwarding clickElement on session b38c2a016a51d17a84b062efd3f3005c to remote] conn.DefaultManagedHttpClientConnection 88 - http-outgoing-0: set socket timeout to 10800000
02-06-2019 01:00:27 MainClientExec.java DEBUG [Forwarding clickElement on session b38c2a016a51d17a84b062efd3f3005c to remote] execchain.MainClientExec 256 - Executing request POST /session/b38c2a016a51d17a84b062efd3f3005c/element/0.8973867573273051-1/click HTTP/1.1
02-06-2019 01:00:27 MainClientExec.java DEBUG [Forwarding clickElement on session b38c2a016a51d17a84b062efd3f3005c to remote] execchain.MainClientExec 261 - Target auth state: UNCHALLENGED
02-06-2019 01:00:27 MainClientExec.java DEBUG [Forwarding clickElement on session b38c2a016a51d17a84b062efd3f3005c to remote] execchain.MainClientExec 267 - Proxy auth state: UNCHALLENGED
02-06-2019 01:00:27 LoggingManagedHttpClientConnection.java DEBUG [Forwarding clickElement on session b38c2a016a51d17a84b062efd3f3005c to remote] http.headers 133 - http-outgoing-0 &gt;&gt; POST /session/b38c2a016a51d17a84b062efd3f3005c/element/0.8973867573273051-1/click HTTP/1.1
02-06-2019 01:00:27 LoggingManagedHttpClientConnection.java DEBUG [Forwarding clickElement on session b38c2a016a51d17a84b062efd3f3005c to remote] http.headers 136 - http-outgoing-0 &gt;&gt; Content-Type: application/json; charset=utf-8
02-06-2019 01:00:27 LoggingManagedHttpClientConnection.java DEBUG [Forwarding clickElement on session b38c2a016a51d17a84b062efd3f3005c to remote] http.headers 136 - http-outgoing-0 &gt;&gt; Content-Length: 29
02-06-2019 01:00:27 LoggingManagedHttpClientConnection.java DEBUG [Forwarding clickElement on session b38c2a016a51d17a84b062efd3f3005c to remote] http.headers 136 - http-outgoing-0 &gt;&gt; Host: localhost:23934
02-06-2019 01:00:27 LoggingManagedHttpClientConnection.java DEBUG [Forwarding clickElement on session b38c2a016a51d17a84b062efd3f3005c to remote] http.headers 136 - http-outgoing-0 &gt;&gt; Connection: Keep-Alive
02-06-2019 01:00:27 LoggingManagedHttpClientConnection.java DEBUG [Forwarding clickElement on session b38c2a016a51d17a84b062efd3f3005c to remote] http.headers 136 - http-outgoing-0 &gt;&gt; User-Agent: Apache-HttpClient/4.5.3 (Java/1.8.0_191)
02-06-2019 01:00:27 LoggingManagedHttpClientConnection.java DEBUG [Forwarding clickElement on session b38c2a016a51d17a84b062efd3f3005c to remote] http.headers 136 - http-outgoing-0 &gt;&gt; Accept-Encoding: gzip,deflate
02-06-2019 01:00:27 Wire.java DEBUG [Forwarding clickElement on session b38c2a016a51d17a84b062efd3f3005c to remote] http.wire 73 - http-outgoing-0 &gt;&gt; &quot;POST /session/b38c2a016a51d17a84b062efd3f3005c/element/0.8973867573273051-1/click HTTP/1.1[\r][\n]&quot;
02-06-2019 01:00:27 Wire.java DEBUG [Forwarding clickElement on session b38c2a016a51d17a84b062efd3f3005c to remote] http.wire 73 - http-outgoing-0 &gt;&gt; &quot;Content-Type: application/json; charset=utf-8[\r][\n]&quot;
02-06-2019 01:00:27 Wire.java DEBUG [Forwarding clickElement on session b38c2a016a51d17a84b062efd3f3005c to remote] http.wire 73 - http-outgoing-0 &gt;&gt; &quot;Content-Length: 29[\r][\n]&quot;
02-06-2019 01:00:27 Wire.java DEBUG [Forwarding clickElement on session b38c2a016a51d17a84b062efd3f3005c to remote] http.wire 73 - http-outgoing-0 &gt;&gt; &quot;Host: localhost:23934[\r][\n]&quot;
02-06-2019 01:00:27 Wire.java DEBUG [Forwarding clickElement on session b38c2a016a51d17a84b062efd3f3005c to remote] http.wire 73 - http-outgoing-0 &gt;&gt; &quot;Connection: Keep-Alive[\r][\n]&quot;
02-06-2019 01:00:27 Wire.java DEBUG [Forwarding clickElement on session b38c2a016a51d17a84b062efd3f3005c to remote] http.wire 73 - http-outgoing-0 &gt;&gt; &quot;User-Agent: Apache-HttpClient/4.5.3 (Java/1.8.0_191)[\r][\n]&quot;
02-06-2019 01:00:27 Wire.java DEBUG [Forwarding clickElement on session b38c2a016a51d17a84b062efd3f3005c to remote] http.wire 73 - http-outgoing-0 &gt;&gt; &quot;Accept-Encoding: gzip,deflate[\r][\n]&quot;
02-06-2019 01:00:27 Wire.java DEBUG [Forwarding clickElement on session b38c2a016a51d17a84b062efd3f3005c to remote] http.wire 73 - http-outgoing-0 &gt;&gt; &quot;[\r][\n]&quot;
02-06-2019 01:00:27 Wire.java DEBUG [Forwarding clickElement on session b38c2a016a51d17a84b062efd3f3005c to remote] http.wire 87 - http-outgoing-0 &gt;&gt; &quot;{&quot;id&quot;:&quot;0.8973867573273051-1&quot;}&quot;
02-06-2019 01:00:28 Wire.java DEBUG [Forwarding clickElement on session b38c2a016a51d17a84b062efd3f3005c to remote] http.wire 73 - http-outgoing-0 &lt;&lt; &quot;HTTP/1.1 200 OK[\r][\n]&quot;
02-06-2019 01:00:28 Wire.java DEBUG [Forwarding clickElement on session b38c2a016a51d17a84b062efd3f3005c to remote] http.wire 73 - http-outgoing-0 &lt;&lt; &quot;Content-Length:72[\r][\n]&quot;
02-06-2019 01:00:28 Wire.java DEBUG [Forwarding clickElement on session b38c2a016a51d17a84b062efd3f3005c to remote] http.wire 73 - http-outgoing-0 &lt;&lt; &quot;Content-Type:application/json; charset=utf-8[\r][\n]&quot;
02-06-2019 01:00:28 Wire.java DEBUG [Forwarding clickElement on session b38c2a016a51d17a84b062efd3f3005c to remote] http.wire 73 - http-outgoing-0 &lt;&lt; &quot;[\r][\n]&quot;
02-06-2019 01:00:28 Wire.java DEBUG [Forwarding clickElement on session b38c2a016a51d17a84b062efd3f3005c to remote] http.wire 87 - http-outgoing-0 &lt;&lt; &quot;{&quot;sessionId&quot;:&quot;b38c2a016a51d17a84b062efd3f3005c&quot;,&quot;status&quot;:0,&quot;value&quot;:null}&quot;
02-06-2019 01:00:28 LoggingManagedHttpClientConnection.java DEBUG [Forwarding clickElement on session b38c2a016a51d17a84b062efd3f3005c to remote] http.headers 122 - http-outgoing-0 &lt;&lt; HTTP/1.1 200 OK
02-06-2019 01:00:28 LoggingManagedHttpClientConnection.java DEBUG [Forwarding clickElement on session b38c2a016a51d17a84b062efd3f3005c to remote] http.headers 125 - http-outgoing-0 &lt;&lt; Content-Length:72
02-06-2019 01:00:28 LoggingManagedHttpClientConnection.java DEBUG [Forwarding clickElement on session b38c2a016a51d17a84b062efd3f3005c to remote] http.headers 125 - http-outgoing-0 &lt;&lt; Content-Type:application/json; charset=utf-8
02-06-2019 01:00:28 MainClientExec.java DEBUG [Forwarding clickElement on session b38c2a016a51d17a84b062efd3f3005c to remote] execchain.MainClientExec 285 - Connection can be kept alive indefinitely
02-06-2019 01:00:28 PoolingHttpClientConnectionManager.java DEBUG [Forwarding clickElement on session b38c2a016a51d17a84b062efd3f3005c to remote] conn.PoolingHttpClientConnectionManager 320 - Connection [id: 0][route: {}-&gt;http://localhost:23934] can be kept alive indefinitely
02-06-2019 01:00:28 PoolingHttpClientConnectionManager.java DEBUG [Forwarding clickElement on session b38c2a016a51d17a84b062efd3f3005c to remote] conn.PoolingHttpClientConnectionManager 326 - Connection released: [id: 0][route: {}-&gt;http://localhost:23934][total kept alive: 1; route allocated: 1 of 2000; total allocated: 1 of 2000]
02-06-2019 01:00:28 RequestAddCookies.java DEBUG [Forwarding setTimeout on session b38c2a016a51d17a84b062efd3f3005c to remote] protocol.RequestAddCookies 123 - CookieSpec selected: default
02-06-2019 01:00:28 RequestAuthCache.java DEBUG [Forwarding setTimeout on session b38c2a016a51d17a84b062efd3f3005c to remote] protocol.RequestAuthCache 77 - Auth cache not set in the context
02-06-2019 01:00:28 PoolingHttpClientConnectionManager.java DEBUG [Forwarding setTimeout on session b38c2a016a51d17a84b062efd3f3005c to remote] conn.PoolingHttpClientConnectionManager 255 - Connection request: [route: {}-&gt;http://localhost:23934][total kept alive: 1; route allocated: 1 of 2000; total allocated: 1 of 2000]
02-06-2019 01:00:28 PoolingHttpClientConnectionManager.java DEBUG [Forwarding setTimeout on session b38c2a016a51d17a84b062efd3f3005c to remote] conn.PoolingHttpClientConnectionManager 288 - Connection leased: [id: 0][route: {}-&gt;http://localhost:23934][total kept alive: 0; route allocated: 1 of 2000; total allocated: 1 of 2000]
02-06-2019 01:00:28 MainClientExec.java DEBUG [Forwarding setTimeout on session b38c2a016a51d17a84b062efd3f3005c to remote] execchain.MainClientExec 208 - Stale connection check
02-06-2019 01:00:28 Wire.java DEBUG [Forwarding setTimeout on session b38c2a016a51d17a84b062efd3f3005c to remote] http.wire 87 - http-outgoing-0 &lt;&lt; &quot;[read] I/O error: Read timed out&quot;
02-06-2019 01:00:28 LoggingManagedHttpClientConnection.java DEBUG [Forwarding setTimeout on session b38c2a016a51d17a84b062efd3f3005c to remote] conn.DefaultManagedHttpClientConnection 88 - http-outgoing-0: set socket timeout to 10800000
02-06-2019 01:00:28 MainClientExec.java DEBUG [Forwarding setTimeout on session b38c2a016a51d17a84b062efd3f3005c to remote] execchain.MainClientExec 256 - Executing request POST /session/b38c2a016a51d17a84b062efd3f3005c/timeouts HTTP/1.1
02-06-2019 01:00:28 MainClientExec.java DEBUG [Forwarding setTimeout on session b38c2a016a51d17a84b062efd3f3005c to remote] execchain.MainClientExec 261 - Target auth state: UNCHALLENGED
02-06-2019 01:00:28 MainClientExec.java DEBUG [Forwarding setTimeout on session b38c2a016a51d17a84b062efd3f3005c to remote] execchain.MainClientExec 267 - Proxy auth state: UNCHALLENGED
02-06-2019 01:00:28 LoggingManagedHttpClientConnection.java DEBUG [Forwarding setTimeout on session b38c2a016a51d17a84b062efd3f3005c to remote] http.headers 133 - http-outgoing-0 &gt;&gt; POST /session/b38c2a016a51d17a84b062efd3f3005c/timeouts HTTP/1.1
02-06-2019 01:00:28 LoggingManagedHttpClientConnection.java DEBUG [Forwarding setTimeout on session b38c2a016a51d17a84b062efd3f3005c to remote] http.headers 136 - http-outgoing-0 &gt;&gt; Content-Type: application/json; charset=utf-8
02-06-2019 01:00:28 LoggingManagedHttpClientConnection.java DEBUG [Forwarding setTimeout on session b38c2a016a51d17a84b062efd3f3005c to remote] http.headers 136 - http-outgoing-0 &gt;&gt; Content-Length: 30
02-06-2019 01:00:28 LoggingManagedHttpClientConnection.java DEBUG [Forwarding setTimeout on session b38c2a016a51d17a84b062efd3f3005c to remote] http.headers 136 - http-outgoing-0 &gt;&gt; Host: localhost:23934
[...]
02-06-2019 01:00:46 Wire.java DEBUG [Forwarding findElement on session 00a4b1f42bbb5db711903edf287fdb78 to remote] http.wire 87 - http-outgoing-1 &lt;&lt; &quot;{&quot;sessionId&quot;:&quot;00a4b1f42bbb5db711903edf287fdb78&quot;,&quot;status&quot;:0,&quot;value&quot;:{&quot;ELEMENT&quot;:&quot;0.9319454553665041-4&quot;}}&quot;
02-06-2019 01:00:46 LoggingManagedHttpClientConnection.java DEBUG [Forwarding findElement on session 00a4b1f42bbb5db711903edf287fdb78 to remote] http.headers 122 - http-outgoing-1 &lt;&lt; HTTP/1.1 200 OK
02-06-2019 01:00:46 LoggingManagedHttpClientConnection.java DEBUG [Forwarding findElement on session 00a4b1f42bbb5db711903edf287fdb78 to remote] http.headers 125 - http-outgoing-1 &lt;&lt; Content-Length:102
02-06-2019 01:00:46 LoggingManagedHttpClientConnection.java DEBUG [Forwarding findElement on session 00a4b1f42bbb5db711903edf287fdb78 to remote] http.headers 125 - http-outgoing-1 &lt;&lt; Content-Type:application/json; charset=utf-8
02-06-2019 01:00:46 MainClientExec.java DEBUG [Forwarding findElement on session 00a4b1f42bbb5db711903edf287fdb78 to remote] execchain.MainClientExec 285 - Connection can be kept alive indefinitely
02-06-2019 01:00:46 PoolingHttpClientConnectionManager.java DEBUG [Forwarding findElement on session 00a4b1f42bbb5db711903edf287fdb78 to remote] conn.PoolingHttpClientConnectionManager 320 - Connection [id: 1][route: {}-&gt;http://localhost:30343] can be kept alive indefinitely
02-06-2019 01:00:46 PoolingHttpClientConnectionManager.java DEBUG [Forwarding findElement on session 00a4b1f42bbb5db711903edf287fdb78 to remote] conn.PoolingHttpClientConnectionManager 326 - Connection released: [id: 1][route: {}-&gt;http://localhost:30343][total kept alive: 2; route allocated: 1 of 2000; total allocated: 2 of 2000]
02-06-2019 01:00:46 RequestAddCookies.java DEBUG [Forwarding clickElement on session 00a4b1f42bbb5db711903edf287fdb78 to remote] protocol.RequestAddCookies 123 - CookieSpec selected: default
02-06-2019 01:00:46 RequestAuthCache.java DEBUG [Forwarding clickElement on session 00a4b1f42bbb5db711903edf287fdb78 to remote] protocol.RequestAuthCache 77 - Auth cache not set in the context
02-06-2019 01:00:46 PoolingHttpClientConnectionManager.java DEBUG [Forwarding clickElement on session 00a4b1f42bbb5db711903edf287fdb78 to remote] conn.PoolingHttpClientConnectionManager 255 - Connection request: [route: {}-&gt;http://localhost:30343][total kept alive: 2; route allocated: 1 of 2000; total allocated: 2 of 2000]
02-06-2019 01:00:46 PoolingHttpClientConnectionManager.java DEBUG [Forwarding clickElement on session 00a4b1f42bbb5db711903edf287fdb78 to remote] conn.PoolingHttpClientConnectionManager 288 - Connection leased: [id: 1][route: {}-&gt;http://localhost:30343][total kept alive: 1; route allocated: 1 of 2000; total allocated: 2 of 2000]
02-06-2019 01:00:46 MainClientExec.java DEBUG [Forwarding clickElement on session 00a4b1f42bbb5db711903edf287fdb78 to remote] execchain.MainClientExec 208 - Stale connection check
02-06-2019 01:00:46 Wire.java DEBUG [Forwarding clickElement on session 00a4b1f42bbb5db711903edf287fdb78 to remote] http.wire 87 - http-outgoing-1 &lt;&lt; &quot;[read] I/O error: Read timed out&quot;
02-06-2019 01:00:46 LoggingManagedHttpClientConnection.java DEBUG [Forwarding clickElement on session 00a4b1f42bbb5db711903edf287fdb78 to remote] conn.DefaultManagedHttpClientConnection 88 - http-outgoing-1: set socket timeout to 10800000
02-06-2019 01:00:46 MainClientExec.java DEBUG [Forwarding clickElement on session 00a4b1f42bbb5db711903edf287fdb78 to remote] execchain.MainClientExec 256 - Executing request POST /session/00a4b1f42bbb5db711903edf287fdb78/element/0.9319454553665041-4/click HTTP/1.1
02-06-2019 01:00:46 MainClientExec.java DEBUG [Forwarding clickElement on session 00a4b1f42bbb5db711903edf287fdb78 to remote] execchain.MainClientExec 261 - Target auth state: UNCHALLENGED
02-06-2019 01:00:46 MainClientExec.java DEBUG [Forwarding clickElement on session 00a4b1f42bbb5db711903edf287fdb78 to remote] execchain.MainClientExec 267 - Proxy auth state: UNCHALLENGED
02-06-2019 01:00:46 LoggingManagedHttpClientConnection.java DEBUG [Forwarding clickElement on session 00a4b1f42bbb5db711903edf287fdb78 to remote] http.headers 133 - http-outgoing-1 &gt;&gt; POST /session/00a4b1f42bbb5db711903edf287fdb78/element/0.9319454553665041-4/click HTTP/1.1
02-06-2019 01:00:46 LoggingManagedHttpClientConnection.java DEBUG [Forwarding clickElement on session 00a4b1f42bbb5db711903edf287fdb78 to remote] http.headers 136 - http-outgoing-1 &gt;&gt; Content-Type: application/json; charset=utf-8
02-06-2019 01:00:46 LoggingManagedHttpClientConnection.java DEBUG [Forwarding clickElement on session 00a4b1f42bbb5db711903edf287fdb78 to remote] http.headers 136 - http-outgoing-1 &gt;&gt; Content-Length: 29
02-06-2019 01:00:46 LoggingManagedHttpClientConnection.java DEBUG [Forwarding clickElement on session 00a4b1f42bbb5db711903edf287fdb78 to remote] http.headers 136 - http-outgoing-1 &gt;&gt; Host: localhost:30343
02-06-2019 01:00:46 LoggingManagedHttpClientConnection.java DEBUG [Forwarding clickElement on session 00a4b1f42bbb5db711903edf287fdb78 to remote] http.headers 136 - http-outgoing-1 &gt;&gt; Connection: Keep-Alive
02-06-2019 01:00:46 LoggingManagedHttpClientConnection.java DEBUG [Forwarding clickElement on session 00a4b1f42bbb5db711903edf287fdb78 to remote] http.headers 136 - http-outgoing-1 &gt;&gt; User-Agent: Apache-HttpClient/4.5.3 (Java/1.8.0_191)
02-06-2019 01:00:46 LoggingManagedHttpClientConnection.java DEBUG [Forwarding clickElement on session 00a4b1f42bbb5db711903edf287fdb78 to remote] http.headers 136 - http-outgoing-1 &gt;&gt; Accept-Encoding: gzip,deflate
02-06-2019 01:00:46 Wire.java DEBUG [Forwarding clickElement on session 00a4b1f42bbb5db711903edf287fdb78 to remote] http.wire 73 - http-outgoing-1 &gt;&gt; &quot;POST /session/00a4b1f42bbb5db711903edf287fdb78/element/0.9319454553665041-4/click HTTP/1.1[\r][\n]&quot;
02-06-2019 01:00:46 Wire.java DEBUG [Forwarding clickElement on session 00a4b1f42bbb5db711903edf287fdb78 to remote] http.wire 73 - http-outgoing-1 &gt;&gt; &quot;Content-Type: application/json; charset=utf-8[\r][\n]&quot;
02-06-2019 01:00:46 Wire.java DEBUG [Forwarding clickElement on session 00a4b1f42bbb5db711903edf287fdb78 to remote] http.wire 73 - http-outgoing-1 &gt;&gt; &quot;Content-Length: 29[\r][\n]&quot;
02-06-2019 01:00:46 Wire.java DEBUG [Forwarding clickElement on session 00a4b1f42bbb5db711903edf287fdb78 to remote] http.wire 73 - http-outgoing-1 &gt;&gt; &quot;Host: localhost:30343[\r][\n]&quot;
02-06-2019 01:00:46 Wire.java DEBUG [Forwarding clickElement on session 00a4b1f42bbb5db711903edf287fdb78 to remote] http.wire 73 - http-outgoing-1 &gt;&gt; &quot;Connection: Keep-Alive[\r][\n]&quot;
02-06-2019 01:00:46 Wire.java DEBUG [Forwarding clickElement on session 00a4b1f42bbb5db711903edf287fdb78 to remote] http.wire 73 - http-outgoing-1 &gt;&gt; &quot;User-Agent: Apache-HttpClient/4.5.3 (Java/1.8.0_191)[\r][\n]&quot;
02-06-2019 01:00:46 Wire.java DEBUG [Forwarding clickElement on session 00a4b1f42bbb5db711903edf287fdb78 to remote] http.wire 73 - http-outgoing-1 &gt;&gt; &quot;Accept-Encoding: gzip,deflate[\r][\n]&quot;
02-06-2019 01:00:46 Wire.java DEBUG [Forwarding clickElement on session 00a4b1f42bbb5db711903edf287fdb78 to remote] http.wire 73 - http-outgoing-1 &gt;&gt; &quot;[\r][\n]&quot;
02-06-2019 01:00:46 Wire.java DEBUG [Forwarding clickElement on session 00a4b1f42bbb5db711903edf287fdb78 to remote] http.wire 87 - http-outgoing-1 &gt;&gt; &quot;{&quot;id&quot;:&quot;0.9319454553665041-4&quot;}&quot;
02-06-2019 01:00:47 Wire.java DEBUG [Forwarding clickElement on session 00a4b1f42bbb5db711903edf287fdb78 to remote] http.wire 73 - http-outgoing-1 &lt;&lt; &quot;HTTP/1.1 200 OK[\r][\n]&quot;
02-06-2019 01:00:47 Wire.java DEBUG [Forwarding clickElement on session 00a4b1f42bbb5db711903edf287fdb78 to remote] http.wire 73 - http-outgoing-1 &lt;&lt; &quot;Content-Length:473[\r][\n]&quot;
02-06-2019 01:00:47 Wire.java DEBUG [Forwarding clickElement on session 00a4b1f42bbb5db711903edf287fdb78 to remote] http.wire 73 - http-outgoing-1 &lt;&lt; &quot;Content-Type:application/json; charset=utf-8[\r][\n]&quot;
02-06-2019 01:00:47 Wire.java DEBUG [Forwarding clickElement on session 00a4b1f42bbb5db711903edf287fdb78 to remote] http.wire 73 - http-outgoing-1 &lt;&lt; &quot;[\r][\n]&quot;
02-06-2019 01:00:47 Wire.java DEBUG [Forwarding clickElement on session 00a4b1f42bbb5db711903edf287fdb78 to remote] http.wire 87 - http-outgoing-1 &lt;&lt; &quot;{&quot;sessionId&quot;:&quot;00a4b1f42bbb5db711903edf287fdb78&quot;,&quot;status&quot;:13,&quot;value&quot;:{&quot;message&quot;:&quot;unknown error: Element \u003Cbutton class=\&quot;clik_btn_log btn-block pagesense_en_track\&quot;&gt;...\u003C/button&gt; is not clickable at point (729, 514). Other element would receive the click: \u003Cdiv class=\&quot;wzrk-overlay\&quot;&gt;\u003C/div&gt;\n  (Session info: chrome=71.0.3578.98)\n  (Driver info: chromedriver=2.45.615291 (ec3682e3c9061c10f26ea9e5cdcf3c53f3f74387),platform=Windows NT 10.0.17134 x86_64)&quot;}}&quot;
02-06-2019 01:00:47 LoggingManagedHttpClientConnection.java DEBUG [Forwarding clickElement on session 00a4b1f42bbb5db711903edf287fdb78 to remote] http.headers 122 - http-outgoing-1 &lt;&lt; HTTP/1.1 200 OK
02-06-2019 01:00:47 LoggingManagedHttpClientConnection.java DEBUG [Forwarding clickElement on session 00a4b1f42bbb5db711903edf287fdb78 to remote] http.headers 125 - http-outgoing-1 &lt;&lt; Content-Length:473
02-06-2019 01:00:47 LoggingManagedHttpClientConnection.java DEBUG [Forwarding clickElement on session 00a4b1f42bbb5db711903edf287fdb78 to remote] http.headers 125 - http-outgoing-1 &lt;&lt; Content-Type:application/json; charset=utf-8
02-06-2019 01:00:47 MainClientExec.java DEBUG [Forwarding clickElement on session 00a4b1f42bbb5db711903edf287fdb78 to remote] execchain.MainClientExec 285 - Connection can be kept alive indefinitely
02-06-2019 01:00:47 PoolingHttpClientConnectionManager.java DEBUG [Forwarding clickElement on session 00a4b1f42bbb5db711903edf287fdb78 to remote] conn.PoolingHttpClientConnectionManager 320 - Connection [id: 1][route: {}-&gt;http://localhost:30343] can be kept alive indefinitely
02-06-2019 01:00:47 PoolingHttpClientConnectionManager.java DEBUG [Forwarding clickElement on session 00a4b1f42bbb5db711903edf287fdb78 to remote] conn.PoolingHttpClientConnectionManager 326 - Connection released: [id: 1][route: {}-&gt;http://localhost:30343][total kept alive: 2; route allocated: 1 of 2000; total allocated: 2 of 2000]
</system-out>
    <system-err>Starting ChromeDriver 2.45.615291 (ec3682e3c9061c10f26ea9e5cdcf3c53f3f74387) on port 30343
Only local connections are allowed.
Feb 06, 2019 1:00:33 AM org.openqa.selenium.remote.ProtocolHandshake createSession
INFO: Detected dialect: OSS
</system-err>
  </testcase>
  <testcase classname="co.edureka.qa.testcases.BlogPageTest" name="verifyBlogPageTitleTest" time="33.029">
    <skipped/>
  </testcase>
  <testcase classname="co.edureka.qa.testcases.BlogPageTest" name="tearDown" time="33.029">
    <skipped/>
  </testcase>
  <testcase classname="co.edureka.qa.testcases.HomePageTest" name="setUp" time="33.029">
    <skipped/>
  </testcase>
  <testcase classname="co.edureka.qa.testcases.HomePageTest" name="verifyUserNameTest" time="33.029">
    <skipped/>
  </testcase>
  <testcase classname="co.edureka.qa.testcases.HomePageTest" name="tearDown" time="33.029">
    <skipped/>
  </testcase>
  <testcase classname="co.edureka.qa.testcases.LoginPageTest" name="loginPageTitleTest" time="0.071"/>
  <testcase classname="co.edureka.qa.testcases.BlogPageTest" name="setUp" time="1.248">
    <skipped/>
    <system-out>02-06-2019 01:01:00 RequestAddCookies.java DEBUG [Forwarding quit on session a8499f8523ae68e7b9fddb73958709c1 to remote] protocol.RequestAddCookies 123 - CookieSpec selected: default
02-06-2019 01:01:00 RequestAuthCache.java DEBUG [Forwarding quit on session a8499f8523ae68e7b9fddb73958709c1 to remote] protocol.RequestAuthCache 77 - Auth cache not set in the context
02-06-2019 01:01:00 PoolingHttpClientConnectionManager.java DEBUG [Forwarding quit on session a8499f8523ae68e7b9fddb73958709c1 to remote] conn.PoolingHttpClientConnectionManager 255 - Connection request: [route: {}-&gt;http://localhost:5848][total kept alive: 3; route allocated: 1 of 2000; total allocated: 3 of 2000]
02-06-2019 01:01:00 PoolingHttpClientConnectionManager.java DEBUG [Forwarding quit on session a8499f8523ae68e7b9fddb73958709c1 to remote] conn.PoolingHttpClientConnectionManager 288 - Connection leased: [id: 2][route: {}-&gt;http://localhost:5848][total kept alive: 2; route allocated: 1 of 2000; total allocated: 3 of 2000]
02-06-2019 01:01:00 MainClientExec.java DEBUG [Forwarding quit on session a8499f8523ae68e7b9fddb73958709c1 to remote] execchain.MainClientExec 208 - Stale connection check
02-06-2019 01:01:00 Wire.java DEBUG [Forwarding quit on session a8499f8523ae68e7b9fddb73958709c1 to remote] http.wire 87 - http-outgoing-2 &lt;&lt; &quot;[read] I/O error: Read timed out&quot;
02-06-2019 01:01:00 LoggingManagedHttpClientConnection.java DEBUG [Forwarding quit on session a8499f8523ae68e7b9fddb73958709c1 to remote] conn.DefaultManagedHttpClientConnection 88 - http-outgoing-2: set socket timeout to 10800000
02-06-2019 01:01:00 MainClientExec.java DEBUG [Forwarding quit on session a8499f8523ae68e7b9fddb73958709c1 to remote] execchain.MainClientExec 256 - Executing request DELETE /session/a8499f8523ae68e7b9fddb73958709c1 HTTP/1.1
02-06-2019 01:01:00 MainClientExec.java DEBUG [Forwarding quit on session a8499f8523ae68e7b9fddb73958709c1 to remote] execchain.MainClientExec 261 - Target auth state: UNCHALLENGED
02-06-2019 01:01:00 MainClientExec.java DEBUG [Forwarding quit on session a8499f8523ae68e7b9fddb73958709c1 to remote] execchain.MainClientExec 267 - Proxy auth state: UNCHALLENGED
02-06-2019 01:01:00 LoggingManagedHttpClientConnection.java DEBUG [Forwarding quit on session a8499f8523ae68e7b9fddb73958709c1 to remote] http.headers 133 - http-outgoing-2 &gt;&gt; DELETE /session/a8499f8523ae68e7b9fddb73958709c1 HTTP/1.1
02-06-2019 01:01:00 LoggingManagedHttpClientConnection.java DEBUG [Forwarding quit on session a8499f8523ae68e7b9fddb73958709c1 to remote] http.headers 136 - http-outgoing-2 &gt;&gt; Host: localhost:5848
02-06-2019 01:01:00 LoggingManagedHttpClientConnection.java DEBUG [Forwarding quit on session a8499f8523ae68e7b9fddb73958709c1 to remote] http.headers 136 - http-outgoing-2 &gt;&gt; Connection: Keep-Alive
02-06-2019 01:01:00 LoggingManagedHttpClientConnection.java DEBUG [Forwarding quit on session a8499f8523ae68e7b9fddb73958709c1 to remote] http.headers 136 - http-outgoing-2 &gt;&gt; User-Agent: Apache-HttpClient/4.5.3 (Java/1.8.0_191)
02-06-2019 01:01:00 LoggingManagedHttpClientConnection.java DEBUG [Forwarding quit on session a8499f8523ae68e7b9fddb73958709c1 to remote] http.headers 136 - http-outgoing-2 &gt;&gt; Accept-Encoding: gzip,deflate
02-06-2019 01:01:00 Wire.java DEBUG [Forwarding quit on session a8499f8523ae68e7b9fddb73958709c1 to remote] http.wire 73 - http-outgoing-2 &gt;&gt; &quot;DELETE /session/a8499f8523ae68e7b9fddb73958709c1 HTTP/1.1[\r][\n]&quot;
02-06-2019 01:01:00 Wire.java DEBUG [Forwarding quit on session a8499f8523ae68e7b9fddb73958709c1 to remote] http.wire 73 - http-outgoing-2 &gt;&gt; &quot;Host: localhost:5848[\r][\n]&quot;
02-06-2019 01:01:00 Wire.java DEBUG [Forwarding quit on session a8499f8523ae68e7b9fddb73958709c1 to remote] http.wire 73 - http-outgoing-2 &gt;&gt; &quot;Connection: Keep-Alive[\r][\n]&quot;
02-06-2019 01:01:00 Wire.java DEBUG [Forwarding quit on session a8499f8523ae68e7b9fddb73958709c1 to remote] http.wire 73 - http-outgoing-2 &gt;&gt; &quot;User-Agent: Apache-HttpClient/4.5.3 (Java/1.8.0_191)[\r][\n]&quot;
02-06-2019 01:01:00 Wire.java DEBUG [Forwarding quit on session a8499f8523ae68e7b9fddb73958709c1 to remote] http.wire 73 - http-outgoing-2 &gt;&gt; &quot;Accept-Encoding: gzip,deflate[\r][\n]&quot;
02-06-2019 01:01:00 Wire.java DEBUG [Forwarding quit on session a8499f8523ae68e7b9fddb73958709c1 to remote] http.wire 73 - http-outgoing-2 &gt;&gt; &quot;[\r][\n]&quot;
02-06-2019 01:01:00 Wire.java DEBUG [Forwarding quit on session a8499f8523ae68e7b9fddb73958709c1 to remote] http.wire 73 - http-outgoing-2 &lt;&lt; &quot;HTTP/1.1 200 OK[\r][\n]&quot;
02-06-2019 01:01:00 Wire.java DEBUG [Forwarding quit on session a8499f8523ae68e7b9fddb73958709c1 to remote] http.wire 73 - http-outgoing-2 &lt;&lt; &quot;Content-Length:72[\r][\n]&quot;
02-06-2019 01:01:00 Wire.java DEBUG [Forwarding quit on session a8499f8523ae68e7b9fddb73958709c1 to remote] http.wire 73 - http-outgoing-2 &lt;&lt; &quot;Content-Type:application/json; charset=utf-8[\r][\n]&quot;
02-06-2019 01:01:00 Wire.java DEBUG [Forwarding quit on session a8499f8523ae68e7b9fddb73958709c1 to remote] http.wire 73 - http-outgoing-2 &lt;&lt; &quot;[\r][\n]&quot;
02-06-2019 01:01:00 Wire.java DEBUG [Forwarding quit on session a8499f8523ae68e7b9fddb73958709c1 to remote] http.wire 87 - http-outgoing-2 &lt;&lt; &quot;{&quot;sessionId&quot;:&quot;a8499f8523ae68e7b9fddb73958709c1&quot;,&quot;status&quot;:0,&quot;value&quot;:null}&quot;
02-06-2019 01:01:00 LoggingManagedHttpClientConnection.java DEBUG [Forwarding quit on session a8499f8523ae68e7b9fddb73958709c1 to remote] http.headers 122 - http-outgoing-2 &lt;&lt; HTTP/1.1 200 OK
02-06-2019 01:01:00 LoggingManagedHttpClientConnection.java DEBUG [Forwarding quit on session a8499f8523ae68e7b9fddb73958709c1 to remote] http.headers 125 - http-outgoing-2 &lt;&lt; Content-Length:72
02-06-2019 01:01:00 LoggingManagedHttpClientConnection.java DEBUG [Forwarding quit on session a8499f8523ae68e7b9fddb73958709c1 to remote] http.headers 125 - http-outgoing-2 &lt;&lt; Content-Type:application/json; charset=utf-8
02-06-2019 01:01:00 MainClientExec.java DEBUG [Forwarding quit on session a8499f8523ae68e7b9fddb73958709c1 to remote] execchain.MainClientExec 285 - Connection can be kept alive indefinitely
02-06-2019 01:01:00 PoolingHttpClientConnectionManager.java DEBUG [Forwarding quit on session a8499f8523ae68e7b9fddb73958709c1 to remote] conn.PoolingHttpClientConnectionManager 320 - Connection [id: 2][route: {}-&gt;http://localhost:5848] can be kept alive indefinitely
02-06-2019 01:01:00 PoolingHttpClientConnectionManager.java DEBUG [Forwarding quit on session a8499f8523ae68e7b9fddb73958709c1 to remote] conn.PoolingHttpClientConnectionManager 326 - Connection released: [id: 2][route: {}-&gt;http://localhost:5848][total kept alive: 3; route allocated: 1 of 2000; total allocated: 3 of 2000]
02-06-2019 01:01:00 PoolingHttpClientConnectionManager.java DEBUG [Forwarding quit on session a8499f8523ae68e7b9fddb73958709c1 to remote] conn.PoolingHttpClientConnectionManager 407 - Closing connections idle longer than 0 SECONDS
02-06-2019 01:01:00 LoggingManagedHttpClientConnection.java DEBUG [Forwarding quit on session a8499f8523ae68e7b9fddb73958709c1 to remote] conn.DefaultManagedHttpClientConnection 79 - http-outgoing-2: Close connection
02-06-2019 01:01:00 LoggingManagedHttpClientConnection.java DEBUG [Forwarding quit on session a8499f8523ae68e7b9fddb73958709c1 to remote] conn.DefaultManagedHttpClientConnection 79 - http-outgoing-1: Close connection
02-06-2019 01:01:00 LoggingManagedHttpClientConnection.java DEBUG [Forwarding quit on session a8499f8523ae68e7b9fddb73958709c1 to remote] conn.DefaultManagedHttpClientConnection 79 - http-outgoing-0: Close connection
</system-out>
  </testcase>
  <testcase classname="co.edureka.qa.testcases.BlogPageTest" name="searchblog" time="1.248">
    <skipped/>
  </testcase>
  <testcase classname="co.edureka.qa.testcases.BlogPageTest" name="tearDown" time="1.248">
    <skipped/>
  </testcase>
</testsuite>